0 verbose cli C:\Program Files\nodejs\node.exe C:\Program Files\nodejs\node_modules\npm\bin\npm-cli.js
1 info using npm@10.2.0
2 info using node@v21.1.0
3 timing npm:load:whichnode Completed in 2ms
4 timing config:load:defaults Completed in 2ms
5 timing config:load:file:C:\Program Files\nodejs\node_modules\npm\npmrc Completed in 4ms
6 timing config:load:builtin Completed in 4ms
7 timing config:load:cli Completed in 2ms
8 timing config:load:env Completed in 0ms
9 timing config:load:file:C:\Users\User\IdeaProjects\143quiz_frontend\.npmrc Completed in 1ms
10 timing config:load:project Completed in 2ms
11 timing config:load:file:C:\Users\User\.npmrc Completed in 0ms
12 timing config:load:user Completed in 0ms
13 timing config:load:file:C:\Users\User\IdeaProjects\143quiz_frontend\UsersUsernpm-global\etc\npmrc Completed in 0ms
14 timing config:load:global Completed in 0ms
15 timing config:load:setEnvs Completed in 0ms
16 timing config:load Completed in 12ms
17 timing npm:load:configload Completed in 12ms
18 timing config:load:flatten Completed in 3ms
19 timing npm:load:mkdirpcache Completed in 0ms
20 timing npm:load:mkdirplogs Completed in 0ms
21 verbose title npm install
22 verbose argv "install"
23 timing npm:load:setTitle Completed in 1ms
24 timing npm:load:display Completed in 0ms
25 verbose logfile logs-max:10 dir:C:\Users\User\IdeaProjects\143quiz_frontend\UsersUsernpm-cache\_logs\2024-06-08T02_02_35_514Z-
26 verbose logfile C:\Users\User\IdeaProjects\143quiz_frontend\UsersUsernpm-cache\_logs\2024-06-08T02_02_35_514Z-debug-0.log
27 timing npm:load:logFile Completed in 10ms
28 timing npm:load:timers Completed in 1ms
29 timing npm:load:configScope Completed in 0ms
30 timing npm:load Completed in 58ms
31 timing arborist:ctor Completed in 1ms
32 silly logfile done cleaning log files
33 timing idealTree:init Completed in 874ms
34 timing idealTree:userRequests Completed in 0ms
35 silly idealTree buildDeps
36 timing idealTree:#root Completed in 0ms
37 timing idealTree:buildDeps Completed in 2ms
38 timing idealTree:fixDepFlags Completed in 0ms
39 timing idealTree Completed in 888ms
40 timing arborist:ctor Completed in 0ms
41 timing reify:loadTrees Completed in 1362ms
42 timing reify:diffTrees Completed in 78ms
43 silly reify moves {}
44 timing reify:retireShallow Completed in 1ms
45 timing reify:createSparse Completed in 27ms
46 timing reify:loadBundles Completed in 0ms
47 silly audit bulk request {
47 silly audit   '@adobe/css-tools': [ '4.3.3' ],
47 silly audit   '@alloc/quick-lru': [ '5.2.0' ],
47 silly audit   '@ampproject/remapping': [ '2.3.0' ],
47 silly audit   '@babel/code-frame': [ '7.24.6' ],
47 silly audit   '@babel/compat-data': [ '7.24.6' ],
47 silly audit   '@babel/core': [ '7.24.6' ],
47 silly audit   semver: [ '6.3.1', '7.6.2' ],
47 silly audit   '@babel/eslint-parser': [ '7.24.6' ],
47 silly audit   'eslint-visitor-keys': [ '2.1.0', '3.4.3' ],
47 silly audit   '@babel/generator': [ '7.24.6' ],
47 silly audit   '@babel/helper-annotate-as-pure': [ '7.24.6' ],
47 silly audit   '@babel/helper-builder-binary-assignment-operator-visitor': [ '7.24.6' ],
47 silly audit   '@babel/helper-compilation-targets': [ '7.24.6' ],
47 silly audit   '@babel/helper-create-class-features-plugin': [ '7.24.6' ],
47 silly audit   '@babel/helper-create-regexp-features-plugin': [ '7.24.6' ],
47 silly audit   '@babel/helper-define-polyfill-provider': [ '0.6.2' ],
47 silly audit   '@babel/helper-environment-visitor': [ '7.24.6' ],
47 silly audit   '@babel/helper-function-name': [ '7.24.6' ],
47 silly audit   '@babel/helper-hoist-variables': [ '7.24.6' ],
47 silly audit   '@babel/helper-member-expression-to-functions': [ '7.24.6' ],
47 silly audit   '@babel/helper-module-imports': [ '7.24.6' ],
47 silly audit   '@babel/helper-module-transforms': [ '7.24.6' ],
47 silly audit   '@babel/helper-optimise-call-expression': [ '7.24.6' ],
47 silly audit   '@babel/helper-plugin-utils': [ '7.24.6' ],
47 silly audit   '@babel/helper-remap-async-to-generator': [ '7.24.6' ],
47 silly audit   '@babel/helper-replace-supers': [ '7.24.6' ],
47 silly audit   '@babel/helper-simple-access': [ '7.24.6' ],
47 silly audit   '@babel/helper-skip-transparent-expression-wrappers': [ '7.24.6' ],
47 silly audit   '@babel/helper-split-export-declaration': [ '7.24.6' ],
47 silly audit   '@babel/helper-string-parser': [ '7.24.6' ],
47 silly audit   '@babel/helper-validator-identifier': [ '7.24.6' ],
47 silly audit   '@babel/helper-validator-option': [ '7.24.6' ],
47 silly audit   '@babel/helper-wrap-function': [ '7.24.6' ],
47 silly audit   '@babel/helpers': [ '7.24.6' ],
47 silly audit   '@babel/highlight': [ '7.24.6' ],
47 silly audit   '@babel/parser': [ '7.24.6' ],
47 silly audit   '@babel/plugin-bugfix-firefox-class-in-computed-class-key': [ '7.24.6' ],
47 silly audit   '@babel/plugin-bugfix-safari-id-destructuring-collision-in-function-expression': [ '7.24.6' ],
47 silly audit   '@babel/plugin-bugfix-v8-spread-parameters-in-optional-chaining': [ '7.24.6' ],
47 silly audit   '@babel/plugin-bugfix-v8-static-class-fields-redefine-readonly': [ '7.24.6' ],
47 silly audit   '@babel/plugin-proposal-class-properties': [ '7.18.6' ],
47 silly audit   '@babel/plugin-proposal-decorators': [ '7.24.6' ],
47 silly audit   '@babel/plugin-proposal-nullish-coalescing-operator': [ '7.18.6' ],
47 silly audit   '@babel/plugin-proposal-numeric-separator': [ '7.18.6' ],
47 silly audit   '@babel/plugin-proposal-optional-chaining': [ '7.21.0' ],
47 silly audit   '@babel/plugin-proposal-private-methods': [ '7.18.6' ],
47 silly audit   '@babel/plugin-proposal-private-property-in-object': [ '7.21.0-placeholder-for-preset-env.2' ],
47 silly audit   '@babel/plugin-syntax-async-generators': [ '7.8.4' ],
47 silly audit   '@babel/plugin-syntax-bigint': [ '7.8.3' ],
47 silly audit   '@babel/plugin-syntax-class-properties': [ '7.12.13' ],
47 silly audit   '@babel/plugin-syntax-class-static-block': [ '7.14.5' ],
47 silly audit   '@babel/plugin-syntax-decorators': [ '7.24.6' ],
47 silly audit   '@babel/plugin-syntax-dynamic-import': [ '7.8.3' ],
47 silly audit   '@babel/plugin-syntax-export-namespace-from': [ '7.8.3' ],
47 silly audit   '@babel/plugin-syntax-flow': [ '7.24.6' ],
47 silly audit   '@babel/plugin-syntax-import-assertions': [ '7.24.6' ],
47 silly audit   '@babel/plugin-syntax-import-attributes': [ '7.24.6' ],
47 silly audit   '@babel/plugin-syntax-import-meta': [ '7.10.4' ],
47 silly audit   '@babel/plugin-syntax-json-strings': [ '7.8.3' ],
47 silly audit   '@babel/plugin-syntax-jsx': [ '7.24.6' ],
47 silly audit   '@babel/plugin-syntax-logical-assignment-operators': [ '7.10.4' ],
47 silly audit   '@babel/plugin-syntax-nullish-coalescing-operator': [ '7.8.3' ],
47 silly audit   '@babel/plugin-syntax-numeric-separator': [ '7.10.4' ],
47 silly audit   '@babel/plugin-syntax-object-rest-spread': [ '7.8.3' ],
47 silly audit   '@babel/plugin-syntax-optional-catch-binding': [ '7.8.3' ],
47 silly audit   '@babel/plugin-syntax-optional-chaining': [ '7.8.3' ],
47 silly audit   '@babel/plugin-syntax-private-property-in-object': [ '7.14.5' ],
47 silly audit   '@babel/plugin-syntax-top-level-await': [ '7.14.5' ],
47 silly audit   '@babel/plugin-syntax-typescript': [ '7.24.6' ],
47 silly audit   '@babel/plugin-syntax-unicode-sets-regex': [ '7.18.6' ],
47 silly audit   '@babel/plugin-transform-arrow-functions': [ '7.24.6' ],
47 silly audit   '@babel/plugin-transform-async-generator-functions': [ '7.24.6' ],
47 silly audit   '@babel/plugin-transform-async-to-generator': [ '7.24.6' ],
47 silly audit   '@babel/plugin-transform-block-scoped-functions': [ '7.24.6' ],
47 silly audit   '@babel/plugin-transform-block-scoping': [ '7.24.6' ],
47 silly audit   '@babel/plugin-transform-class-properties': [ '7.24.6' ],
47 silly audit   '@babel/plugin-transform-class-static-block': [ '7.24.6' ],
47 silly audit   '@babel/plugin-transform-classes': [ '7.24.6' ],
47 silly audit   '@babel/plugin-transform-computed-properties': [ '7.24.6' ],
47 silly audit   '@babel/plugin-transform-destructuring': [ '7.24.6' ],
47 silly audit   '@babel/plugin-transform-dotall-regex': [ '7.24.6' ],
47 silly audit   '@babel/plugin-transform-duplicate-keys': [ '7.24.6' ],
47 silly audit   '@babel/plugin-transform-dynamic-import': [ '7.24.6' ],
47 silly audit   '@babel/plugin-transform-exponentiation-operator': [ '7.24.6' ],
47 silly audit   '@babel/plugin-transform-export-namespace-from': [ '7.24.6' ],
47 silly audit   '@babel/plugin-transform-flow-strip-types': [ '7.24.6' ],
47 silly audit   '@babel/plugin-transform-for-of': [ '7.24.6' ],
47 silly audit   '@babel/plugin-transform-function-name': [ '7.24.6' ],
47 silly audit   '@babel/plugin-transform-json-strings': [ '7.24.6' ],
47 silly audit   '@babel/plugin-transform-literals': [ '7.24.6' ],
47 silly audit   '@babel/plugin-transform-logical-assignment-operators': [ '7.24.6' ],
47 silly audit   '@babel/plugin-transform-member-expression-literals': [ '7.24.6' ],
47 silly audit   '@babel/plugin-transform-modules-amd': [ '7.24.6' ],
47 silly audit   '@babel/plugin-transform-modules-commonjs': [ '7.24.6' ],
47 silly audit   '@babel/plugin-transform-modules-systemjs': [ '7.24.6' ],
47 silly audit   '@babel/plugin-transform-modules-umd': [ '7.24.6' ],
47 silly audit   '@babel/plugin-transform-named-capturing-groups-regex': [ '7.24.6' ],
47 silly audit   '@babel/plugin-transform-new-target': [ '7.24.6' ],
47 silly audit   '@babel/plugin-transform-nullish-coalescing-operator': [ '7.24.6' ],
47 silly audit   '@babel/plugin-transform-numeric-separator': [ '7.24.6' ],
47 silly audit   '@babel/plugin-transform-object-rest-spread': [ '7.24.6' ],
47 silly audit   '@babel/plugin-transform-object-super': [ '7.24.6' ],
47 silly audit   '@babel/plugin-transform-optional-catch-binding': [ '7.24.6' ],
47 silly audit   '@babel/plugin-transform-optional-chaining': [ '7.24.6' ],
47 silly audit   '@babel/plugin-transform-parameters': [ '7.24.6' ],
47 silly audit   '@babel/plugin-transform-private-methods': [ '7.24.6' ],
47 silly audit   '@babel/plugin-transform-private-property-in-object': [ '7.24.6' ],
47 silly audit   '@babel/plugin-transform-property-literals': [ '7.24.6' ],
47 silly audit   '@babel/plugin-transform-react-constant-elements': [ '7.24.6' ],
47 silly audit   '@babel/plugin-transform-react-display-name': [ '7.24.6' ],
47 silly audit   '@babel/plugin-transform-react-jsx': [ '7.24.6' ],
47 silly audit   '@babel/plugin-transform-react-jsx-development': [ '7.24.6' ],
47 silly audit   '@babel/plugin-transform-react-pure-annotations': [ '7.24.6' ],
47 silly audit   '@babel/plugin-transform-regenerator': [ '7.24.6' ],
47 silly audit   '@babel/plugin-transform-reserved-words': [ '7.24.6' ],
47 silly audit   '@babel/plugin-transform-runtime': [ '7.24.6' ],
47 silly audit   '@babel/plugin-transform-shorthand-properties': [ '7.24.6' ],
47 silly audit   '@babel/plugin-transform-spread': [ '7.24.6' ],
47 silly audit   '@babel/plugin-transform-sticky-regex': [ '7.24.6' ],
47 silly audit   '@babel/plugin-transform-template-literals': [ '7.24.6' ],
47 silly audit   '@babel/plugin-transform-typeof-symbol': [ '7.24.6' ],
47 silly audit   '@babel/plugin-transform-typescript': [ '7.24.6' ],
47 silly audit   '@babel/plugin-transform-unicode-escapes': [ '7.24.6' ],
47 silly audit   '@babel/plugin-transform-unicode-property-regex': [ '7.24.6' ],
47 silly audit   '@babel/plugin-transform-unicode-regex': [ '7.24.6' ],
47 silly audit   '@babel/plugin-transform-unicode-sets-regex': [ '7.24.6' ],
47 silly audit   '@babel/preset-env': [ '7.24.6' ],
47 silly audit   '@babel/preset-modules': [ '0.1.6-no-external-plugins' ],
47 silly audit   '@babel/preset-react': [ '7.24.6' ],
47 silly audit   '@babel/preset-typescript': [ '7.24.6' ],
47 silly audit   '@babel/regjsgen': [ '0.8.0' ],
47 silly audit   '@babel/runtime': [ '7.24.6' ],
47 silly audit   '@babel/template': [ '7.24.6' ],
47 silly audit   '@babel/traverse': [ '7.24.6' ],
47 silly audit   '@babel/types': [ '7.24.6' ],
47 silly audit   '@bcoe/v8-coverage': [ '0.2.3' ],
47 silly audit   '@chakra-ui/accordion': [ '2.3.1' ],
47 silly audit   '@chakra-ui/alert': [ '2.2.2' ],
47 silly audit   '@chakra-ui/anatomy': [ '2.2.2' ],
47 silly audit   '@chakra-ui/avatar': [ '2.3.0' ],
47 silly audit   '@chakra-ui/breadcrumb': [ '2.2.0' ],
47 silly audit   '@chakra-ui/breakpoint-utils': [ '2.0.8' ],
47 silly audit   '@chakra-ui/button': [ '2.1.0' ],
47 silly audit   '@chakra-ui/card': [ '2.2.0' ],
47 silly audit   '@chakra-ui/checkbox': [ '2.3.2' ],
47 silly audit   '@chakra-ui/clickable': [ '2.1.0' ],
47 silly audit   '@chakra-ui/close-button': [ '2.1.1' ],
47 silly audit   '@chakra-ui/color-mode': [ '2.2.0' ],
47 silly audit   '@chakra-ui/control-box': [ '2.1.0' ],
47 silly audit   '@chakra-ui/counter': [ '2.1.0' ],
47 silly audit   '@chakra-ui/css-reset': [ '2.3.0' ],
47 silly audit   '@chakra-ui/descendant': [ '3.1.0' ],
47 silly audit   '@chakra-ui/dom-utils': [ '2.1.0' ],
47 silly audit   '@chakra-ui/editable': [ '3.1.0' ],
47 silly audit   '@chakra-ui/event-utils': [ '2.0.8' ],
47 silly audit   '@chakra-ui/focus-lock': [ '2.1.0' ],
47 silly audit   '@chakra-ui/form-control': [ '2.2.0' ],
47 silly audit   '@chakra-ui/hooks': [ '2.2.1' ],
47 silly audit   '@chakra-ui/icon': [ '3.2.0' ],
47 silly audit   '@chakra-ui/icons': [ '2.1.1' ],
47 silly audit   '@chakra-ui/image': [ '2.1.0' ],
47 silly audit   '@chakra-ui/input': [ '2.1.2' ],
47 silly audit   '@chakra-ui/layout': [ '2.3.1' ],
47 silly audit   '@chakra-ui/lazy-utils': [ '2.0.5' ],
47 silly audit   '@chakra-ui/live-region': [ '2.1.0' ],
47 silly audit   '@chakra-ui/media-query': [ '3.3.0' ],
47 silly audit   '@chakra-ui/menu': [ '2.2.1' ],
47 silly audit   '@chakra-ui/modal': [ '2.3.1' ],
47 silly audit   '@chakra-ui/number-input': [ '2.1.2' ],
47 silly audit   '@chakra-ui/number-utils': [ '2.0.7' ],
47 silly audit   '@chakra-ui/object-utils': [ '2.1.0' ],
47 silly audit   '@chakra-ui/pin-input': [ '2.1.0' ],
47 silly audit   '@chakra-ui/popover': [ '2.2.1' ],
47 silly audit   '@chakra-ui/popper': [ '3.1.0' ],
47 silly audit   '@chakra-ui/portal': [ '2.1.0' ],
47 silly audit   '@chakra-ui/progress': [ '2.2.0' ],
47 silly audit   '@chakra-ui/provider': [ '2.4.2' ],
47 silly audit   '@chakra-ui/radio': [ '2.1.2' ],
47 silly audit   '@chakra-ui/react': [ '2.8.2' ],
47 silly audit   '@chakra-ui/react-children-utils': [ '2.0.6' ],
47 silly audit   '@chakra-ui/react-context': [ '2.1.0' ],
47 silly audit   '@chakra-ui/react-env': [ '3.1.0' ],
47 silly audit   '@chakra-ui/react-types': [ '2.0.7' ],
47 silly audit   '@chakra-ui/react-use-animation-state': [ '2.1.0' ],
47 silly audit   '@chakra-ui/react-use-callback-ref': [ '2.1.0' ],
47 silly audit   '@chakra-ui/react-use-controllable-state': [ '2.1.0' ],
47 silly audit   '@chakra-ui/react-use-disclosure': [ '2.1.0' ],
47 silly audit   '@chakra-ui/react-use-event-listener': [ '2.1.0' ],
47 silly audit   '@chakra-ui/react-use-focus-effect': [ '2.1.0' ],
47 silly audit   '@chakra-ui/react-use-focus-on-pointer-down': [ '2.1.0' ],
47 silly audit   '@chakra-ui/react-use-interval': [ '2.1.0' ],
47 silly audit   '@chakra-ui/react-use-latest-ref': [ '2.1.0' ],
47 silly audit   '@chakra-ui/react-use-merge-refs': [ '2.1.0' ],
47 silly audit   '@chakra-ui/react-use-outside-click': [ '2.2.0' ],
47 silly audit   '@chakra-ui/react-use-pan-event': [ '2.1.0' ],
47 silly audit   '@chakra-ui/react-use-previous': [ '2.1.0' ],
47 silly audit   '@chakra-ui/react-use-safe-layout-effect': [ '2.1.0' ],
47 silly audit   '@chakra-ui/react-use-size': [ '2.1.0' ],
47 silly audit   '@chakra-ui/react-use-timeout': [ '2.1.0' ],
47 silly audit   '@chakra-ui/react-use-update-effect': [ '2.1.0' ],
47 silly audit   '@chakra-ui/react-utils': [ '2.0.12' ],
47 silly audit   '@chakra-ui/select': [ '2.1.2' ],
47 silly audit   '@chakra-ui/shared-utils': [ '2.0.5' ],
47 silly audit   '@chakra-ui/skeleton': [ '2.1.0' ],
47 silly audit   '@chakra-ui/skip-nav': [ '2.1.0' ],
47 silly audit   '@chakra-ui/slider': [ '2.1.0' ],
47 silly audit   '@chakra-ui/spinner': [ '2.1.0' ],
47 silly audit   '@chakra-ui/stat': [ '2.1.1' ],
47 silly audit   '@chakra-ui/stepper': [ '2.3.1' ],
47 silly audit   '@chakra-ui/styled-system': [ '2.9.2' ],
47 silly audit   '@chakra-ui/switch': [ '2.1.2' ],
47 silly audit   '@chakra-ui/system': [ '2.6.2' ],
47 silly audit   '@chakra-ui/table': [ '2.1.0' ],
47 silly audit   '@chakra-ui/tabs': [ '3.0.0' ],
47 silly audit   '@chakra-ui/tag': [ '3.1.1' ],
47 silly audit   '@chakra-ui/textarea': [ '2.1.2' ],
47 silly audit   '@chakra-ui/theme': [ '3.3.1' ],
47 silly audit   '@chakra-ui/theme-tools': [ '2.1.2' ],
47 silly audit   '@chakra-ui/theme-utils': [ '2.0.21' ],
47 silly audit   '@chakra-ui/toast': [ '7.0.2' ],
47 silly audit   '@chakra-ui/tooltip': [ '2.3.1' ],
47 silly audit   '@chakra-ui/transition': [ '2.1.0' ],
47 silly audit   '@chakra-ui/utils': [ '2.0.15' ],
47 silly audit   '@chakra-ui/visually-hidden': [ '2.2.0' ],
47 silly audit   '@csstools/normalize.css': [ '12.1.1' ],
47 silly audit   '@csstools/postcss-cascade-layers': [ '1.1.1' ],
47 silly audit   '@csstools/postcss-color-function': [ '1.1.1' ],
47 silly audit   '@csstools/postcss-font-format-keywords': [ '1.0.1' ],
47 silly audit   '@csstools/postcss-hwb-function': [ '1.0.2' ],
47 silly audit   '@csstools/postcss-ic-unit': [ '1.0.1' ],
47 silly audit   '@csstools/postcss-is-pseudo-class': [ '2.0.7' ],
47 silly audit   '@csstools/postcss-nested-calc': [ '1.0.0' ],
47 silly audit   '@csstools/postcss-normalize-display-values': [ '1.0.1' ],
47 silly audit   '@csstools/postcss-oklab-function': [ '1.1.1' ],
47 silly audit   '@csstools/postcss-progressive-custom-properties': [ '1.3.0' ],
47 silly audit   '@csstools/postcss-stepped-value-functions': [ '1.0.1' ],
47 silly audit   '@csstools/postcss-text-decoration-shorthand': [ '1.0.0' ],
47 silly audit   '@csstools/postcss-trigonometric-functions': [ '1.0.2' ],
47 silly audit   '@csstools/postcss-unset-value': [ '1.0.2' ],
47 silly audit   '@csstools/selector-specificity': [ '2.2.0' ],
47 silly audit   '@emotion/babel-plugin': [ '11.11.0' ],
47 silly audit   'convert-source-map': [ '1.9.0', '2.0.0' ],
47 silly audit   'escape-string-regexp': [ '4.0.0', '1.0.5', '2.0.0' ],
47 silly audit   'source-map': [ '0.5.7', '0.6.1', '0.7.4', '0.8.0-beta.0' ],
47 silly audit   '@emotion/cache': [ '11.11.0' ],
47 silly audit   '@emotion/hash': [ '0.9.1' ],
47 silly audit   '@emotion/is-prop-valid': [ '1.2.2' ],
47 silly audit   '@emotion/memoize': [ '0.8.1' ],
47 silly audit   '@emotion/react': [ '11.11.4' ],
47 silly audit   '@emotion/serialize': [ '1.1.4' ],
47 silly audit   '@emotion/sheet': [ '1.2.2' ],
47 silly audit   '@emotion/styled': [ '11.11.5' ],
47 silly audit   '@emotion/unitless': [ '0.8.1' ],
47 silly audit   '@emotion/use-insertion-effect-with-fallbacks': [ '1.0.1' ],
47 silly audit   '@emotion/utils': [ '1.2.1' ],
47 silly audit   '@emotion/weak-memoize': [ '0.3.1' ],
47 silly audit   '@eslint-community/eslint-utils': [ '4.4.0' ],
47 silly audit   '@eslint-community/regexpp': [ '4.10.0' ],
47 silly audit   '@eslint/eslintrc': [ '2.1.4' ],
47 silly audit   argparse: [ '2.0.1', '1.0.10' ],
47 silly audit   globals: [ '13.24.0', '11.12.0' ],
47 silly audit   'js-yaml': [ '4.1.0', '3.14.1' ],
47 silly audit   'type-fest': [ '0.20.2', '0.16.0', '0.21.3', '2.19.0' ],
47 silly audit   '@eslint/js': [ '8.57.0' ],
47 silly audit   '@fortawesome/fontawesome-common-types': [ '6.5.2' ],
47 silly audit   '@fortawesome/fontawesome-svg-core': [ '6.5.2' ],
47 silly audit   '@fortawesome/react-fontawesome': [ '0.2.2' ],
47 silly audit   '@humanwhocodes/config-array': [ '0.11.14' ],
47 silly audit   '@humanwhocodes/module-importer': [ '1.0.1' ],
47 silly audit   '@humanwhocodes/object-schema': [ '2.0.3' ],
47 silly audit   '@isaacs/cliui': [ '8.0.2' ],
47 silly audit   'ansi-regex': [ '6.0.1', '5.0.1' ],
47 silly audit   'ansi-styles': [ '6.2.1', '4.3.0', '3.2.1', '5.2.0' ],
47 silly audit   'string-width': [ '5.1.2', '4.2.3' ],
47 silly audit   'strip-ansi': [ '7.1.0', '6.0.1' ],
47 silly audit   'wrap-ansi': [ '8.1.0', '7.0.0' ],
47 silly audit   '@istanbuljs/load-nyc-config': [ '1.1.0' ],
47 silly audit   camelcase: [ '5.3.1', '6.3.0' ],
47 silly audit   '@istanbuljs/schema': [ '0.1.3' ],
47 silly audit   '@jest/console': [ '27.5.1', '28.1.3' ],
47 silly audit   chalk: [ '4.1.2', '3.0.0', '2.4.2' ],
47 silly audit   'color-convert': [ '2.0.1', '1.9.3' ],
47 silly audit   'color-name': [ '1.1.4', '1.1.3' ],
47 silly audit   'has-flag': [ '4.0.0', '3.0.0' ],
47 silly audit   'supports-color': [ '7.2.0', '8.1.1', '5.5.0' ],
47 silly audit   '@jest/core': [ '27.5.1' ],
47 silly audit   '@jest/environment': [ '27.5.1' ],
47 silly audit   '@jest/fake-timers': [ '27.5.1' ],
47 silly audit   '@jest/globals': [ '27.5.1' ],
47 silly audit   '@jest/reporters': [ '27.5.1' ],
47 silly audit   '@jest/schemas': [ '28.1.3' ],
47 silly audit   '@jest/source-map': [ '27.5.1' ],
47 silly audit   '@jest/test-result': [ '27.5.1', '28.1.3' ],
47 silly audit   '@jest/test-sequencer': [ '27.5.1' ],
47 silly audit   '@jest/transform': [ '27.5.1' ],
47 silly audit   '@jest/types': [ '27.5.1', '28.1.3' ],
47 silly audit   '@jridgewell/gen-mapping': [ '0.3.5' ],
47 silly audit   '@jridgewell/resolve-uri': [ '3.1.2' ],
47 silly audit   '@jridgewell/set-array': [ '1.2.1' ],
47 silly audit   '@jridgewell/source-map': [ '0.3.6' ],
47 silly audit   '@jridgewell/sourcemap-codec': [ '1.4.15' ],
47 silly audit   '@jridgewell/trace-mapping': [ '0.3.25' ],
47 silly audit   '@leichtgewicht/ip-codec': [ '2.0.5' ],
47 silly audit   '@nicolo-ribaudo/eslint-scope-5-internals': [ '5.1.1-v1' ],
47 silly audit   'eslint-scope': [ '5.1.1', '7.2.2' ],
47 silly audit   estraverse: [ '4.3.0', '5.3.0' ],
47 silly audit   '@nodelib/fs.scandir': [ '2.1.5' ],
47 silly audit   '@nodelib/fs.stat': [ '2.0.5' ],
47 silly audit   '@nodelib/fs.walk': [ '1.2.8' ],
47 silly audit   '@pkgjs/parseargs': [ '0.11.0' ],
47 silly audit   '@pkgr/core': [ '0.1.1' ],
47 silly audit   '@pmmmwh/react-refresh-webpack-plugin': [ '0.5.13' ],
47 silly audit   '@popperjs/core': [ '2.11.8' ],
47 silly audit   '@remix-run/router': [ '1.16.1' ],
47 silly audit   '@rollup/plugin-babel': [ '5.3.1' ],
47 silly audit   '@rollup/plugin-node-resolve': [ '11.2.1' ],
47 silly audit   '@rollup/plugin-replace': [ '2.4.2' ],
47 silly audit   '@rollup/pluginutils': [ '3.1.0' ],
47 silly audit   '@types/estree': [ '0.0.39', '1.0.5' ],
47 silly audit   '@rushstack/eslint-patch': [ '1.10.3' ],
47 silly audit   '@sinclair/typebox': [ '0.24.51' ],
47 silly audit   '@sinonjs/commons': [ '1.8.6' ],
47 silly audit   '@sinonjs/fake-timers': [ '8.1.0' ],
47 silly audit   '@surma/rollup-plugin-off-main-thread': [ '2.2.3' ],
47 silly audit   '@svgr/babel-plugin-add-jsx-attribute': [ '5.4.0' ],
47 silly audit   '@svgr/babel-plugin-remove-jsx-attribute': [ '5.4.0' ],
47 silly audit   '@svgr/babel-plugin-remove-jsx-empty-expression': [ '5.0.1' ],
47 silly audit   '@svgr/babel-plugin-replace-jsx-attribute-value': [ '5.0.1' ],
47 silly audit   '@svgr/babel-plugin-svg-dynamic-title': [ '5.4.0' ],
47 silly audit   '@svgr/babel-plugin-svg-em-dimensions': [ '5.4.0' ],
47 silly audit   '@svgr/babel-plugin-transform-react-native-svg': [ '5.4.0' ],
47 silly audit   '@svgr/babel-plugin-transform-svg-component': [ '5.5.0' ],
47 silly audit   '@svgr/babel-preset': [ '5.5.0' ],
47 silly audit   '@svgr/core': [ '5.5.0' ],
47 silly audit   '@svgr/hast-util-to-babel-ast': [ '5.5.0' ],
47 silly audit   '@svgr/plugin-jsx': [ '5.5.0' ],
47 silly audit   '@svgr/plugin-svgo': [ '5.5.0' ],
47 silly audit   '@svgr/webpack': [ '5.5.0' ],
47 silly audit   '@testing-library/dom': [ '10.1.0', '8.20.1' ],
47 silly audit   '@testing-library/jest-dom': [ '5.17.0' ],
47 silly audit   '@testing-library/react': [ '13.4.0' ],
47 silly audit   'aria-query': [ '5.1.3', '5.3.0' ],
47 silly audit   '@testing-library/user-event': [ '13.5.0' ],
47 silly audit   '@tootallnate/once': [ '1.1.2' ],
47 silly audit   '@trysound/sax': [ '0.2.0' ],
47 silly audit   '@types/aria-query': [ '5.0.4' ],
47 silly audit   '@types/babel__core': [ '7.20.5' ],
47 silly audit   '@types/babel__generator': [ '7.6.8' ],
47 silly audit   '@types/babel__template': [ '7.4.4' ],
47 silly audit   '@types/babel__traverse': [ '7.20.6' ],
47 silly audit   '@types/body-parser': [ '1.19.5' ],
47 silly audit   '@types/bonjour': [ '3.5.13' ],
47 silly audit   '@types/connect': [ '3.4.38' ],
47 silly audit   '@types/connect-history-api-fallback': [ '1.5.4' ],
47 silly audit   '@types/eslint': [ '8.56.10' ],
47 silly audit   '@types/eslint-scope': [ '3.7.7' ],
47 silly audit   '@types/express': [ '4.17.21' ],
47 silly audit   '@types/express-serve-static-core': [ '4.19.2' ],
47 silly audit   '@types/graceful-fs': [ '4.1.9' ],
47 silly audit   '@types/hoist-non-react-statics': [ '3.3.5' ],
47 silly audit   '@types/html-minifier-terser': [ '6.1.0' ],
47 silly audit   '@types/http-errors': [ '2.0.4' ],
47 silly audit   '@types/http-proxy': [ '1.17.14' ],
47 silly audit   '@types/istanbul-lib-coverage': [ '2.0.6' ],
47 silly audit   '@types/istanbul-lib-report': [ '3.0.3' ],
47 silly audit   '@types/istanbul-reports': [ '3.0.4' ],
47 silly audit   '@types/jest': [ '27.5.2' ],
47 silly audit   '@types/json-schema': [ '7.0.15' ],
47 silly audit   '@types/json5': [ '0.0.29' ],
47 silly audit   '@types/lodash': [ '4.17.4' ],
47 silly audit   '@types/lodash.mergewith': [ '4.6.7' ],
47 silly audit   '@types/mime': [ '1.3.5' ],
47 silly audit   '@types/node': [ '16.18.97' ],
47 silly audit   '@types/node-forge': [ '1.3.11' ],
47 silly audit   '@types/parse-json': [ '4.0.2' ],
47 silly audit   '@types/prettier': [ '2.7.3' ],
47 silly audit   '@types/prop-types': [ '15.7.12' ],
47 silly audit   '@types/q': [ '1.5.8' ],
47 silly audit   '@types/qs': [ '6.9.15' ],
47 silly audit   '@types/range-parser': [ '1.2.7' ],
47 silly audit   '@types/react': [ '18.3.3' ],
47 silly audit   '@types/react-dom': [ '18.3.0' ],
47 silly audit   '@types/resolve': [ '1.17.1' ],
47 silly audit   '@types/retry': [ '0.12.0' ],
47 silly audit   '@types/semver': [ '7.5.8' ],
47 silly audit   '@types/send': [ '0.17.4' ],
47 silly audit   '@types/serve-index': [ '1.9.4' ],
47 silly audit   '@types/serve-static': [ '1.15.7' ],
47 silly audit   '@types/sockjs': [ '0.3.36' ],
47 silly audit   '@types/stack-utils': [ '2.0.3' ],
47 silly audit   '@types/testing-library__jest-dom': [ '5.14.9' ],
47 silly audit   '@types/trusted-types': [ '2.0.7' ],
47 silly audit   '@types/ws': [ '8.5.10' ],
47 silly audit   '@types/yargs': [ '16.0.9', '17.0.32' ],
47 silly audit   '@types/yargs-parser': [ '21.0.3' ],
47 silly audit   '@typescript-eslint/eslint-plugin': [ '5.62.0' ],
47 silly audit   '@typescript-eslint/experimental-utils': [ '5.62.0' ],
47 silly audit   '@typescript-eslint/parser': [ '5.62.0' ],
47 silly audit   '@typescript-eslint/scope-manager': [ '5.62.0' ],
47 silly audit   '@typescript-eslint/type-utils': [ '5.62.0' ],
47 silly audit   '@typescript-eslint/types': [ '5.62.0' ],
47 silly audit   '@typescript-eslint/typescript-estree': [ '5.62.0' ],
47 silly audit   '@typescript-eslint/utils': [ '5.62.0' ],
47 silly audit   '@typescript-eslint/visitor-keys': [ '5.62.0' ],
47 silly audit   '@ungap/structured-clone': [ '1.2.0' ],
47 silly audit   '@webassemblyjs/ast': [ '1.12.1' ],
47 silly audit   '@webassemblyjs/floating-point-hex-parser': [ '1.11.6' ],
47 silly audit   '@webassemblyjs/helper-api-error': [ '1.11.6' ],
47 silly audit   '@webassemblyjs/helper-buffer': [ '1.12.1' ],
47 silly audit   '@webassemblyjs/helper-numbers': [ '1.11.6' ],
47 silly audit   '@webassemblyjs/helper-wasm-bytecode': [ '1.11.6' ],
47 silly audit   '@webassemblyjs/helper-wasm-section': [ '1.12.1' ],
47 silly audit   '@webassemblyjs/ieee754': [ '1.11.6' ],
47 silly audit   '@webassemblyjs/leb128': [ '1.11.6' ],
47 silly audit   '@webassemblyjs/utf8': [ '1.11.6' ],
47 silly audit   '@webassemblyjs/wasm-edit': [ '1.12.1' ],
47 silly audit   '@webassemblyjs/wasm-gen': [ '1.12.1' ],
47 silly audit   '@webassemblyjs/wasm-opt': [ '1.12.1' ],
47 silly audit   '@webassemblyjs/wasm-parser': [ '1.12.1' ],
47 silly audit   '@webassemblyjs/wast-printer': [ '1.12.1' ],
47 silly audit   '@xtuc/ieee754': [ '1.2.0' ],
47 silly audit   '@xtuc/long': [ '4.2.2' ],
47 silly audit   '@zag-js/dom-query': [ '0.16.0' ],
47 silly audit   '@zag-js/element-size': [ '0.10.5' ],
47 silly audit   '@zag-js/focus-visible': [ '0.16.0' ],
47 silly audit   abab: [ '2.0.6' ],
47 silly audit   accepts: [ '1.3.8' ],
47 silly audit   acorn: [ '8.11.3', '7.4.1' ],
47 silly audit   'acorn-globals': [ '6.0.0' ],
47 silly audit   'acorn-import-assertions': [ '1.9.0' ],
47 silly audit   'acorn-jsx': [ '5.3.2' ],
47 silly audit   'acorn-walk': [ '7.2.0' ],
47 silly audit   address: [ '1.2.2' ],
47 silly audit   'adjust-sourcemap-loader': [ '4.0.0' ],
47 silly audit   'agent-base': [ '6.0.2' ],
47 silly audit   ajv: [ '6.12.6', '8.14.0' ],
47 silly audit   'ajv-formats': [ '2.1.1' ],
47 silly audit   'json-schema-traverse': [ '1.0.0', '0.4.1' ],
47 silly audit   'ajv-keywords': [ '3.5.2', '5.1.0' ],
47 silly audit   'ansi-escapes': [ '4.3.2' ],
47 silly audit   'ansi-html-community': [ '0.0.8' ],
47 silly audit   'any-promise': [ '1.3.0' ],
47 silly audit   anymatch: [ '3.1.3' ],
47 silly audit   arg: [ '5.0.2' ],
47 silly audit   'aria-hidden': [ '1.2.4' ],
47 silly audit   'array-buffer-byte-length': [ '1.0.1' ],
47 silly audit   'array-flatten': [ '1.1.1' ],
47 silly audit   'array-includes': [ '3.1.8' ],
47 silly audit   'array-union': [ '2.1.0' ],
47 silly audit   'array.prototype.findlast': [ '1.2.5' ],
47 silly audit   'array.prototype.findlastindex': [ '1.2.5' ],
47 silly audit   'array.prototype.flat': [ '1.3.2' ],
47 silly audit   'array.prototype.flatmap': [ '1.3.2' ],
47 silly audit   'array.prototype.reduce': [ '1.0.7' ],
47 silly audit   'array.prototype.toreversed': [ '1.1.2' ],
47 silly audit   'array.prototype.tosorted': [ '1.1.3' ],
47 silly audit   'arraybuffer.prototype.slice': [ '1.0.3' ],
47 silly audit   asap: [ '2.0.6' ],
47 silly audit   'ast-types-flow': [ '0.0.8' ],
47 silly audit   async: [ '3.2.5' ],
47 silly audit   asynckit: [ '0.4.0' ],
47 silly audit   'at-least-node': [ '1.0.0' ],
47 silly audit   autoprefixer: [ '10.4.19' ],
47 silly audit   'available-typed-arrays': [ '1.0.7' ],
47 silly audit   'axe-core': [ '4.7.0' ],
47 silly audit   axios: [ '1.7.2' ],
47 silly audit   'form-data': [ '4.0.0', '3.0.1' ],
47 silly audit   'axobject-query': [ '3.2.1' ],
47 silly audit   'babel-jest': [ '27.5.1' ],
47 silly audit   'babel-loader': [ '8.3.0' ],
47 silly audit   'schema-utils': [ '2.7.1', '4.2.0', '2.7.0', '3.3.0' ],
47 silly audit   'babel-plugin-istanbul': [ '6.1.1' ],
47 silly audit   'babel-plugin-jest-hoist': [ '27.5.1' ],
47 silly audit   'babel-plugin-macros': [ '3.1.0' ],
47 silly audit   'babel-plugin-named-asset-import': [ '0.3.8' ],
47 silly audit   'babel-plugin-polyfill-corejs2': [ '0.4.11' ],
47 silly audit   'babel-plugin-polyfill-corejs3': [ '0.10.4' ],
47 silly audit   'babel-plugin-polyfill-regenerator': [ '0.6.2' ],
47 silly audit   'babel-plugin-transform-react-remove-prop-types': [ '0.4.24' ],
47 silly audit   'babel-preset-current-node-syntax': [ '1.0.1' ],
47 silly audit   'babel-preset-jest': [ '27.5.1' ],
47 silly audit   'babel-preset-react-app': [ '10.0.1' ],
47 silly audit   'balanced-match': [ '1.0.2' ],
47 silly audit   batch: [ '0.6.1' ],
47 silly audit   bfj: [ '7.1.0' ],
47 silly audit   'big.js': [ '5.2.2' ],
47 silly audit   'binary-extensions': [ '2.3.0' ],
47 silly audit   bluebird: [ '3.7.2' ],
47 silly audit   'body-parser': [ '1.20.2' ],
47 silly audit   bytes: [ '3.1.2', '3.0.0' ],
47 silly audit   debug: [ '2.6.9', '4.3.4', '3.2.7' ],
47 silly audit   'iconv-lite': [ '0.4.24', '0.6.3' ],
47 silly audit   ms: [ '2.0.0', '2.1.2', '2.1.3' ],
47 silly audit   'bonjour-service': [ '1.2.1' ],
47 silly audit   boolbase: [ '1.0.0' ],
47 silly audit   'brace-expansion': [ '1.1.11', '2.0.1' ],
47 silly audit   braces: [ '3.0.3' ],
47 silly audit   'browser-process-hrtime': [ '1.0.0' ],
47 silly audit   browserslist: [ '4.23.0' ],
47 silly audit   bser: [ '2.1.1' ],
47 silly audit   'buffer-from': [ '1.1.2' ],
47 silly audit   'builtin-modules': [ '3.3.0' ],
47 silly audit   'call-bind': [ '1.0.7' ],
47 silly audit   callsites: [ '3.1.0' ],
47 silly audit   'camel-case': [ '4.1.2' ],
47 silly audit   'camelcase-css': [ '2.0.1' ],
47 silly audit   'caniuse-api': [ '3.0.0' ],
47 silly audit   'caniuse-lite': [ '1.0.30001625' ],
47 silly audit   'case-sensitive-paths-webpack-plugin': [ '2.4.0' ],
47 silly audit   'char-regex': [ '1.0.2', '2.0.1' ],
47 silly audit   'check-types': [ '11.2.3' ],
47 silly audit   chokidar: [ '3.6.0' ],
47 silly audit   'glob-parent': [ '5.1.2', '6.0.2' ],
47 silly audit   'chrome-trace-event': [ '1.0.4' ],
47 silly audit   'ci-info': [ '3.9.0' ],
47 silly audit   'cjs-module-lexer': [ '1.3.1' ],
47 silly audit   'clean-css': [ '5.3.3' ],
47 silly audit   cliui: [ '7.0.4' ],
47 silly audit   co: [ '4.6.0' ],
47 silly audit   coa: [ '2.0.2' ],
47 silly audit   'collect-v8-coverage': [ '1.0.2' ],
47 silly audit   color2k: [ '2.0.3' ],
47 silly audit   colord: [ '2.9.3' ],
47 silly audit   colorette: [ '2.0.20' ],
47 silly audit   'combined-stream': [ '1.0.8' ],
47 silly audit   commander: [ '8.3.0', '7.2.0', '4.1.1', '2.20.3' ],
47 silly audit   'common-tags': [ '1.8.2' ],
47 silly audit   commondir: [ '1.0.1' ],
47 silly audit   compressible: [ '2.0.18' ],
47 silly audit   compression: [ '1.7.4' ],
47 silly audit   'safe-buffer': [ '5.1.2', '5.2.1' ],
47 silly audit   'compute-scroll-into-view': [ '3.0.3' ],
47 silly audit   'concat-map': [ '0.0.1' ],
47 silly audit   'confusing-browser-globals': [ '1.0.11' ],
47 silly audit   'connect-history-api-fallback': [ '2.0.0' ],
47 silly audit   'content-disposition': [ '0.5.4' ],
47 silly audit   'content-type': [ '1.0.5' ],
47 silly audit   cookie: [ '0.6.0' ],
47 silly audit   'cookie-signature': [ '1.0.6' ],
47 silly audit   'copy-to-clipboard': [ '3.3.3' ],
47 silly audit   'core-js': [ '3.37.1' ],
47 silly audit   'core-js-compat': [ '3.37.1' ],
47 silly audit   'core-js-pure': [ '3.37.1' ],
47 silly audit   'core-util-is': [ '1.0.3' ],
47 silly audit   cosmiconfig: [ '7.1.0', '6.0.0' ],
47 silly audit   'cross-spawn': [ '7.0.3' ],
47 silly audit   'crypto-random-string': [ '2.0.0' ],
47 silly audit   'css-blank-pseudo': [ '3.0.3' ],
47 silly audit   'css-box-model': [ '1.2.1' ],
47 silly audit   'css-declaration-sorter': [ '6.4.1' ],
47 silly audit   'css-has-pseudo': [ '3.0.4' ],
47 silly audit   'css-loader': [ '6.11.0' ],
47 silly audit   'css-minimizer-webpack-plugin': [ '3.4.1' ],
47 silly audit   'css-prefers-color-scheme': [ '6.0.3' ],
47 silly audit   'css-select': [ '4.3.0', '2.1.0' ],
47 silly audit   'css-select-base-adapter': [ '0.1.1' ],
47 silly audit   'css-tree': [ '1.0.0-alpha.37', '1.1.3' ],
47 silly audit   'css-what': [ '6.1.0', '3.4.2' ],
47 silly audit   'css.escape': [ '1.5.1' ],
47 silly audit   cssdb: [ '7.11.2' ],
47 silly audit   cssesc: [ '3.0.0' ],
47 silly audit   cssnano: [ '5.1.15' ],
47 silly audit   'cssnano-preset-default': [ '5.2.14' ],
47 silly audit   'cssnano-utils': [ '3.1.0' ],
47 silly audit   csso: [ '4.2.0' ],
47 silly audit   'mdn-data': [ '2.0.14', '2.0.4' ],
47 silly audit   cssom: [ '0.4.4', '0.3.8' ],
47 silly audit   cssstyle: [ '2.3.0' ],
47 silly audit   csstype: [ '3.1.3' ],
47 silly audit   'damerau-levenshtein': [ '1.0.8' ],
47 silly audit   'data-urls': [ '2.0.0' ],
47 silly audit   'data-view-buffer': [ '1.0.1' ],
47 silly audit   'data-view-byte-length': [ '1.0.1' ],
47 silly audit   'data-view-byte-offset': [ '1.0.0' ],
47 silly audit   'decimal.js': [ '10.4.3' ],
47 silly audit   dedent: [ '0.7.0' ],
47 silly audit   'deep-equal': [ '2.2.3' ],
47 silly audit   'deep-is': [ '0.1.4' ],
47 silly audit   deepmerge: [ '4.3.1', '2.2.1' ],
47 silly audit   'default-gateway': [ '6.0.3' ],
47 silly audit   'define-data-property': [ '1.1.4' ],
47 silly audit   'define-lazy-prop': [ '2.0.0' ],
47 silly audit   'define-properties': [ '1.2.1' ],
47 silly audit   'delayed-stream': [ '1.0.0' ],
47 silly audit   depd: [ '2.0.0', '1.1.2' ],
47 silly audit   dequal: [ '2.0.3' ],
47 silly audit   destroy: [ '1.2.0' ],
47 silly audit   'detect-newline': [ '3.1.0' ],
47 silly audit   'detect-node': [ '2.1.0' ],
47 silly audit   'detect-node-es': [ '1.1.0' ],
47 silly audit   'detect-port-alt': [ '1.1.6' ],
47 silly audit   didyoumean: [ '1.2.2' ],
47 silly audit   'diff-sequences': [ '27.5.1' ],
47 silly audit   'dir-glob': [ '3.0.1' ],
47 silly audit   dlv: [ '1.1.3' ],
47 silly audit   'dns-packet': [ '5.6.1' ],
47 silly audit   doctrine: [ '3.0.0', '2.1.0' ],
47 silly audit   'dom-accessibility-api': [ '0.5.16' ],
47 silly audit   'dom-converter': [ '0.2.0' ],
47 silly audit   'dom-serializer': [ '1.4.1', '0.2.2' ],
47 silly audit   domelementtype: [ '2.3.0', '1.3.1' ],
47 silly audit   domexception: [ '2.0.1' ],
47 silly audit   'webidl-conversions': [ '5.0.0', '6.1.0', '4.0.2' ],
47 silly audit   domhandler: [ '4.3.1' ],
47 silly audit   domutils: [ '2.8.0', '1.7.0' ],
47 silly audit   'dot-case': [ '3.0.4' ],
47 silly audit   dotenv: [ '10.0.0' ],
47 silly audit   'dotenv-expand': [ '5.1.0' ],
47 silly audit   duplexer: [ '0.1.2' ],
47 silly audit   eastasianwidth: [ '0.2.0' ],
47 silly audit   'ee-first': [ '1.1.1' ],
47 silly audit   ejs: [ '3.1.10' ],
47 silly audit   'electron-to-chromium': [ '1.4.786' ],
47 silly audit   emittery: [ '0.8.1', '0.10.2' ],
47 silly audit   'emoji-regex': [ '9.2.2', '8.0.0' ],
47 silly audit   'emojis-list': [ '3.0.0' ],
47 silly audit   encodeurl: [ '1.0.2' ],
47 silly audit   'enhanced-resolve': [ '5.16.1' ],
47 silly audit   entities: [ '2.2.0' ],
47 silly audit   'error-ex': [ '1.3.2' ],
47 silly audit   'error-stack-parser': [ '2.1.4' ],
47 silly audit   'es-abstract': [ '1.23.3' ],
47 silly audit   'es-array-method-boxes-properly': [ '1.0.0' ],
47 silly audit   'es-define-property': [ '1.0.0' ],
47 silly audit   'es-errors': [ '1.3.0' ],
47 silly audit   'es-get-iterator': [ '1.1.3' ],
47 silly audit   'es-iterator-helpers': [ '1.0.19' ],
47 silly audit   'es-module-lexer': [ '1.5.3' ],
47 silly audit   'es-object-atoms': [ '1.0.0' ],
47 silly audit   'es-set-tostringtag': [ '2.0.3' ],
47 silly audit   'es-shim-unscopables': [ '1.0.2' ],
47 silly audit   'es-to-primitive': [ '1.2.1' ],
47 silly audit   escalade: [ '3.1.2' ],
47 silly audit   'escape-html': [ '1.0.3' ],
47 silly audit   escodegen: [ '2.1.0', '1.14.3' ],
47 silly audit   eslint: [ '8.57.0' ],
47 silly audit   'eslint-config-prettier': [ '9.1.0' ],
47 silly audit   'eslint-config-react-app': [ '7.0.1' ],
47 silly audit   'eslint-import-resolver-node': [ '0.3.9' ],
47 silly audit   'eslint-module-utils': [ '2.8.1' ],
47 silly audit   'eslint-plugin-flowtype': [ '8.0.3' ],
47 silly audit   'eslint-plugin-import': [ '2.29.1' ],
47 silly audit   'eslint-plugin-jest': [ '25.7.0' ],
47 silly audit   'eslint-plugin-jsx-a11y': [ '6.8.0' ],
47 silly audit   'eslint-plugin-prettier': [ '5.1.3' ],
47 silly audit   'eslint-plugin-react': [ '7.34.2' ],
47 silly audit   'eslint-plugin-react-hooks': [ '4.6.2' ],
47 silly audit   resolve: [ '2.0.0-next.5', '1.22.8' ],
47 silly audit   'eslint-plugin-testing-library': [ '5.11.1' ],
47 silly audit   'eslint-webpack-plugin': [ '3.2.0' ],
47 silly audit   'jest-worker': [ '28.1.3', '27.5.1', '26.6.2' ],
47 silly audit   'find-up': [ '5.0.0', '4.1.0', '3.0.0' ],
47 silly audit   'locate-path': [ '6.0.0', '5.0.0', '3.0.0' ],
47 silly audit   'p-limit': [ '3.1.0', '2.3.0' ],
47 silly audit   'p-locate': [ '5.0.0', '4.1.0', '3.0.0' ],
47 silly audit   espree: [ '9.6.1' ],
47 silly audit   esprima: [ '4.0.1', '1.2.2' ],
47 silly audit   esquery: [ '1.5.0' ],
47 silly audit   esrecurse: [ '4.3.0' ],
47 silly audit   'estree-walker': [ '1.0.1' ],
47 silly audit   esutils: [ '2.0.3' ],
47 silly audit   etag: [ '1.8.1' ],
47 silly audit   eventemitter3: [ '4.0.7' ],
47 silly audit   events: [ '3.3.0' ],
47 silly audit   execa: [ '5.1.1' ],
47 silly audit   exit: [ '0.1.2' ],
47 silly audit   expect: [ '27.5.1' ],
47 silly audit   express: [ '4.19.2' ],
47 silly audit   'fast-deep-equal': [ '3.1.3' ],
47 silly audit   'fast-diff': [ '1.3.0' ],
47 silly audit   'fast-glob': [ '3.3.2' ],
47 silly audit   'fast-json-stable-stringify': [ '2.1.0' ],
47 silly audit   'fast-levenshtein': [ '2.0.6' ],
47 silly audit   fastq: [ '1.17.1' ],
47 silly audit   'faye-websocket': [ '0.11.4' ],
47 silly audit   'fb-watchman': [ '2.0.2' ],
47 silly audit   'file-entry-cache': [ '6.0.1' ],
47 silly audit   'file-loader': [ '6.2.0' ],
47 silly audit   filelist: [ '1.0.4' ],
47 silly audit   minimatch: [ '5.1.6', '3.1.2', '9.0.4' ],
47 silly audit   filesize: [ '8.0.7' ],
47 silly audit   'fill-range': [ '7.1.1' ],
47 silly audit   finalhandler: [ '1.2.0' ],
47 silly audit   'find-cache-dir': [ '3.3.2' ],
47 silly audit   'find-root': [ '1.1.0' ],
47 silly audit   'flat-cache': [ '3.2.0' ],
47 silly audit   flatted: [ '3.3.1' ],
47 silly audit   'focus-lock': [ '1.3.5' ],
47 silly audit   'follow-redirects': [ '1.15.6' ],
47 silly audit   'for-each': [ '0.3.3' ],
47 silly audit   'foreground-child': [ '3.1.1' ],
47 silly audit   'signal-exit': [ '4.1.0', '3.0.7' ],
47 silly audit   'fork-ts-checker-webpack-plugin': [ '6.5.3' ],
47 silly audit   'fs-extra': [ '9.1.0', '10.1.0' ],
47 silly audit   tapable: [ '1.1.3', '2.2.1' ],
47 silly audit   formik: [ '2.4.6' ],
47 silly audit   'react-fast-compare': [ '2.0.4', '3.2.2' ],
47 silly audit   forwarded: [ '0.2.0' ],
47 silly audit   'fraction.js': [ '4.3.7' ],
47 silly audit   'framer-motion': [ '11.2.9' ],
47 silly audit   framesync: [ '6.1.2' ],
47 silly audit   tslib: [ '2.4.0', '2.6.2', '1.14.1' ],
47 silly audit   fresh: [ '0.5.2' ],
47 silly audit   'fs-monkey': [ '1.0.6' ],
47 silly audit   'fs.realpath': [ '1.0.0' ],
47 silly audit   fsevents: [ '2.3.3' ],
47 silly audit   'function-bind': [ '1.1.2' ],
47 silly audit   'function.prototype.name': [ '1.1.6' ],
47 silly audit   'functions-have-names': [ '1.2.3' ],
47 silly audit   gensync: [ '1.0.0-beta.2' ],
47 silly audit   'get-caller-file': [ '2.0.5' ],
47 silly audit   'get-intrinsic': [ '1.2.4' ],
47 silly audit   'get-nonce': [ '1.0.1' ],
47 silly audit   'get-own-enumerable-property-symbols': [ '3.0.2' ],
47 silly audit   'get-package-type': [ '0.1.0' ],
47 silly audit   'get-stream': [ '6.0.1' ],
47 silly audit   'get-symbol-description': [ '1.0.2' ],
47 silly audit   glob: [ '7.2.3', '10.4.1' ],
47 silly audit   'glob-to-regexp': [ '0.4.1' ],
47 silly audit   'global-modules': [ '2.0.0' ],
47 silly audit   'global-prefix': [ '3.0.0' ],
47 silly audit   which: [ '1.3.1', '2.0.2' ],
47 silly audit   globalthis: [ '1.0.4' ],
47 silly audit   globby: [ '11.1.0' ],
47 silly audit   gopd: [ '1.0.1' ],
47 silly audit   'graceful-fs': [ '4.2.11' ],
47 silly audit   graphemer: [ '1.4.0' ],
47 silly audit   'gzip-size': [ '6.0.0' ],
47 silly audit   hamt_plus: [ '1.0.2' ],
47 silly audit   'handle-thing': [ '2.0.1' ],
47 silly audit   'harmony-reflect': [ '1.6.2' ],
47 silly audit   'has-bigints': [ '1.0.2' ],
47 silly audit   'has-property-descriptors': [ '1.0.2' ],
47 silly audit   'has-proto': [ '1.0.3' ],
47 silly audit   'has-symbols': [ '1.0.3' ],
47 silly audit   'has-tostringtag': [ '1.0.2' ],
47 silly audit   hasown: [ '2.0.2' ],
47 silly audit   he: [ '1.2.0' ],
47 silly audit   'hoist-non-react-statics': [ '3.3.2' ],
47 silly audit   'react-is': [ '16.13.1', '18.3.1', '17.0.2' ],
47 silly audit   hoopy: [ '0.1.4' ],
47 silly audit   'hpack.js': [ '2.1.6' ],
47 silly audit   isarray: [ '1.0.0', '2.0.5' ],
47 silly audit   'readable-stream': [ '2.3.8', '3.6.2' ],
47 silly audit   string_decoder: [ '1.1.1', '1.3.0' ],
47 silly audit   'html-encoding-sniffer': [ '2.0.1' ],
47 silly audit   'html-entities': [ '2.5.2' ],
47 silly audit   'html-escaper': [ '2.0.2' ],
47 silly audit   'html-minifier-terser': [ '6.1.0' ],
47 silly audit   'html-webpack-plugin': [ '5.6.0' ],
47 silly audit   htmlparser2: [ '6.1.0' ],
47 silly audit   'http-deceiver': [ '1.2.7' ],
47 silly audit   'http-errors': [ '2.0.0', '1.6.3' ],
47 silly audit   'http-parser-js': [ '0.5.8' ],
47 silly audit   'http-proxy': [ '1.18.1' ],
47 silly audit   'http-proxy-agent': [ '4.0.1' ],
47 silly audit   'http-proxy-middleware': [ '2.0.6' ],
47 silly audit   'https-proxy-agent': [ '5.0.1' ],
47 silly audit   'human-signals': [ '2.1.0' ],
47 silly audit   'icss-utils': [ '5.1.0' ],
47 silly audit   idb: [ '7.1.1' ],
47 silly audit   'identity-obj-proxy': [ '3.0.0' ],
47 silly audit   ignore: [ '5.3.1' ],
47 silly audit   immer: [ '9.0.21' ],
47 silly audit   'import-fresh': [ '3.3.0' ],
47 silly audit   'resolve-from': [ '4.0.0', '5.0.0' ],
47 silly audit   'import-local': [ '3.1.0' ],
47 silly audit   imurmurhash: [ '0.1.4' ],
47 silly audit   'indent-string': [ '4.0.0' ],
47 silly audit   inflight: [ '1.0.6' ],
47 silly audit   inherits: [ '2.0.4', '2.0.3' ],
47 silly audit   ini: [ '1.3.8' ],
47 silly audit   'internal-slot': [ '1.0.7' ],
47 silly audit   invariant: [ '2.2.4' ],
47 silly audit   'ipaddr.js': [ '2.2.0', '1.9.1' ],
47 silly audit   'is-arguments': [ '1.1.1' ],
47 silly audit   'is-array-buffer': [ '3.0.4' ],
47 silly audit   'is-arrayish': [ '0.2.1' ],
47 silly audit   'is-async-function': [ '2.0.0' ],
47 silly audit   'is-bigint': [ '1.0.4' ],
47 silly audit   'is-binary-path': [ '2.1.0' ],
47 silly audit   'is-boolean-object': [ '1.1.2' ],
47 silly audit   'is-callable': [ '1.2.7' ],
47 silly audit   'is-core-module': [ '2.13.1' ],
47 silly audit   'is-data-view': [ '1.0.1' ],
47 silly audit   'is-date-object': [ '1.0.5' ],
47 silly audit   'is-docker': [ '2.2.1' ],
47 silly audit   'is-extglob': [ '2.1.1' ],
47 silly audit   'is-finalizationregistry': [ '1.0.2' ],
47 silly audit   'is-fullwidth-code-point': [ '3.0.0' ],
47 silly audit   'is-generator-fn': [ '2.1.0' ],
47 silly audit   'is-generator-function': [ '1.0.10' ],
47 silly audit   'is-glob': [ '4.0.3' ],
47 silly audit   'is-map': [ '2.0.3' ],
47 silly audit   'is-module': [ '1.0.0' ],
47 silly audit   'is-negative-zero': [ '2.0.3' ],
47 silly audit   'is-number': [ '7.0.0' ],
47 silly audit   'is-number-object': [ '1.0.7' ],
47 silly audit   'is-obj': [ '1.0.1' ],
47 silly audit   'is-path-inside': [ '3.0.3' ],
47 silly audit   'is-plain-obj': [ '3.0.0' ],
47 silly audit   'is-potential-custom-element-name': [ '1.0.1' ],
47 silly audit   'is-regex': [ '1.1.4' ],
47 silly audit   'is-regexp': [ '1.0.0' ],
47 silly audit   'is-root': [ '2.1.0' ],
47 silly audit   'is-set': [ '2.0.3' ],
47 silly audit   'is-shared-array-buffer': [ '1.0.3' ],
47 silly audit   'is-stream': [ '2.0.1' ],
47 silly audit   'is-string': [ '1.0.7' ],
47 silly audit   'is-symbol': [ '1.0.4' ],
47 silly audit   'is-typed-array': [ '1.1.13' ],
47 silly audit   'is-typedarray': [ '1.0.0' ],
47 silly audit   'is-weakmap': [ '2.0.2' ],
47 silly audit   'is-weakref': [ '1.0.2' ],
47 silly audit   'is-weakset': [ '2.0.3' ],
47 silly audit   'is-wsl': [ '2.2.0' ],
47 silly audit   isexe: [ '2.0.0' ],
47 silly audit   'istanbul-lib-coverage': [ '3.2.2' ],
47 silly audit   'istanbul-lib-instrument': [ '5.2.1' ],
47 silly audit   'istanbul-lib-report': [ '3.0.1' ],
47 silly audit   'make-dir': [ '4.0.0', '3.1.0' ],
47 silly audit   'istanbul-lib-source-maps': [ '4.0.1' ],
47 silly audit   'istanbul-reports': [ '3.1.7' ],
47 silly audit   'iterator.prototype': [ '1.1.2' ],
47 silly audit   jackspeak: [ '3.1.2' ],
47 silly audit   jake: [ '10.9.1' ],
47 silly audit   jest: [ '27.5.1' ],
47 silly audit   'jest-changed-files': [ '27.5.1' ],
47 silly audit   'jest-circus': [ '27.5.1' ],
47 silly audit   'jest-cli': [ '27.5.1' ],
47 silly audit   'jest-config': [ '27.5.1' ],
47 silly audit   'jest-diff': [ '27.5.1' ],
47 silly audit   'jest-docblock': [ '27.5.1' ],
47 silly audit   'jest-each': [ '27.5.1' ],
47 silly audit   'jest-environment-jsdom': [ '27.5.1' ],
47 silly audit   'jest-environment-node': [ '27.5.1' ],
47 silly audit   'jest-get-type': [ '27.5.1' ],
47 silly audit   'jest-haste-map': [ '27.5.1' ],
47 silly audit   'jest-jasmine2': [ '27.5.1' ],
47 silly audit   'jest-leak-detector': [ '27.5.1' ],
47 silly audit   'jest-matcher-utils': [ '27.5.1' ],
47 silly audit   'jest-message-util': [ '27.5.1', '28.1.3' ],
47 silly audit   'jest-mock': [ '27.5.1' ],
47 silly audit   'jest-pnp-resolver': [ '1.2.3' ],
47 silly audit   'jest-regex-util': [ '27.5.1', '28.0.2' ],
47 silly audit   'jest-resolve': [ '27.5.1' ],
47 silly audit   'jest-resolve-dependencies': [ '27.5.1' ],
47 silly audit   'jest-runner': [ '27.5.1' ],
47 silly audit   'jest-runtime': [ '27.5.1' ],
47 silly audit   'jest-serializer': [ '27.5.1' ],
47 silly audit   'jest-snapshot': [ '27.5.1' ],
47 silly audit   'jest-util': [ '27.5.1', '28.1.3' ],
47 silly audit   'jest-validate': [ '27.5.1' ],
47 silly audit   'jest-watch-typeahead': [ '1.1.0' ],
47 silly audit   slash: [ '3.0.0', '4.0.0' ],
47 silly audit   'jest-watcher': [ '28.1.3', '27.5.1' ],
47 silly audit   'string-length': [ '4.0.2', '5.0.1' ],
47 silly audit   'pretty-format': [ '28.1.3', '27.5.1' ],
47 silly audit   jiti: [ '1.21.0' ],
47 silly audit   'js-tokens': [ '4.0.0' ],
47 silly audit   jsdom: [ '16.7.0' ],
47 silly audit   jsesc: [ '2.5.2', '0.5.0' ],
47 silly audit   'json-buffer': [ '3.0.1' ],
47 silly audit   'json-parse-even-better-errors': [ '2.3.1' ],
47 silly audit   'json-schema': [ '0.4.0' ],
47 silly audit   'json-stable-stringify-without-jsonify': [ '1.0.1' ],
47 silly audit   json5: [ '2.2.3', '1.0.2' ],
47 silly audit   jsonfile: [ '6.1.0' ],
47 silly audit   jsonpath: [ '1.1.1' ],
47 silly audit   jsonpointer: [ '5.0.1' ],
47 silly audit   'jsx-ast-utils': [ '3.3.5' ],
47 silly audit   keyv: [ '4.5.4' ],
47 silly audit   'kind-of': [ '6.0.3' ],
47 silly audit   kleur: [ '3.0.3' ],
47 silly audit   klona: [ '2.0.6' ],
47 silly audit   'language-subtag-registry': [ '0.3.23' ],
47 silly audit   'language-tags': [ '1.0.9' ],
47 silly audit   'launch-editor': [ '2.6.1' ],
47 silly audit   leven: [ '3.1.0' ],
47 silly audit   levn: [ '0.4.1', '0.3.0' ],
47 silly audit   lilconfig: [ '2.1.0', '3.1.1' ],
47 silly audit   'lines-and-columns': [ '1.2.4' ],
47 silly audit   'loader-runner': [ '4.3.0' ],
47 silly audit   'loader-utils': [ '2.0.4', '3.2.2' ],
47 silly audit   lodash: [ '4.17.21' ],
47 silly audit   'lodash-es': [ '4.17.21' ],
47 silly audit   'lodash.debounce': [ '4.0.8' ],
47 silly audit   'lodash.memoize': [ '4.1.2' ],
47 silly audit   'lodash.merge': [ '4.6.2' ],
47 silly audit   'lodash.mergewith': [ '4.6.2' ],
47 silly audit   'lodash.sortby': [ '4.7.0' ],
47 silly audit   'lodash.uniq': [ '4.5.0' ],
47 silly audit   'loose-envify': [ '1.4.0' ],
47 silly audit   'lower-case': [ '2.0.2' ],
47 silly audit   'lru-cache': [ '5.1.1', '10.2.2' ],
47 silly audit   'lz-string': [ '1.5.0' ],
47 silly audit   'magic-string': [ '0.25.9' ],
47 silly audit   makeerror: [ '1.0.12' ],
47 silly audit   'media-typer': [ '0.3.0' ],
47 silly audit   memfs: [ '3.5.3' ],
47 silly audit   'merge-descriptors': [ '1.0.1' ],
47 silly audit   'merge-stream': [ '2.0.0' ],
47 silly audit   merge2: [ '1.4.1' ],
47 silly audit   methods: [ '1.1.2' ],
47 silly audit   micromatch: [ '4.0.7' ],
47 silly audit   mime: [ '1.6.0' ],
47 silly audit   'mime-db': [ '1.52.0' ],
47 silly audit   'mime-types': [ '2.1.35' ],
47 silly audit   'mimic-fn': [ '2.1.0' ],
47 silly audit   'min-indent': [ '1.0.1' ],
47 silly audit   'mini-css-extract-plugin': [ '2.9.0' ],
47 silly audit   'minimalistic-assert': [ '1.0.1' ],
47 silly audit   minimist: [ '1.2.8' ],
47 silly audit   minipass: [ '7.1.2' ],
47 silly audit   mkdirp: [ '0.5.6' ],
47 silly audit   'multicast-dns': [ '7.2.5' ],
47 silly audit   mz: [ '2.7.0' ],
47 silly audit   nanoid: [ '3.3.7' ],
47 silly audit   'natural-compare': [ '1.4.0' ],
47 silly audit   'natural-compare-lite': [ '1.4.0' ],
47 silly audit   negotiator: [ '0.6.3' ],
47 silly audit   'neo-async': [ '2.6.2' ],
47 silly audit   'no-case': [ '3.0.4' ],
47 silly audit   'node-forge': [ '1.3.1' ],
47 silly audit   'node-int64': [ '0.4.0' ],
47 silly audit   'node-releases': [ '2.0.14' ],
47 silly audit   'normalize-path': [ '3.0.0' ],
47 silly audit   'normalize-range': [ '0.1.2' ],
47 silly audit   'normalize-url': [ '6.1.0' ],
47 silly audit   'npm-run-path': [ '4.0.1' ],
47 silly audit   'nth-check': [ '2.1.1', '1.0.2' ],
47 silly audit   nwsapi: [ '2.2.10' ],
47 silly audit   'object-assign': [ '4.1.1' ],
47 silly audit   'object-hash': [ '3.0.0' ],
47 silly audit   'object-inspect': [ '1.13.1' ],
47 silly audit   'object-is': [ '1.1.6' ],
47 silly audit   'object-keys': [ '1.1.1' ],
47 silly audit   'object.assign': [ '4.1.5' ],
47 silly audit   'object.entries': [ '1.1.8' ],
47 silly audit   'object.fromentries': [ '2.0.8' ],
47 silly audit   'object.getownpropertydescriptors': [ '2.1.8' ],
47 silly audit   'object.groupby': [ '1.0.3' ],
47 silly audit   'object.hasown': [ '1.1.4' ],
47 silly audit   'object.values': [ '1.2.0' ],
47 silly audit   obuf: [ '1.1.2' ],
47 silly audit   'on-finished': [ '2.4.1' ],
47 silly audit   'on-headers': [ '1.0.2' ],
47 silly audit   once: [ '1.4.0' ],
47 silly audit   onetime: [ '5.1.2' ],
47 silly audit   open: [ '8.4.2' ],
47 silly audit   optionator: [ '0.9.4', '0.8.3' ],
47 silly audit   'p-retry': [ '4.6.2' ],
47 silly audit   'p-try': [ '2.2.0' ],
47 silly audit   'param-case': [ '3.0.4' ],
47 silly audit   'parent-module': [ '1.0.1' ],
47 silly audit   'parse-json': [ '5.2.0' ],
47 silly audit   parse5: [ '6.0.1' ],
47 silly audit   parseurl: [ '1.3.3' ],
47 silly audit   'pascal-case': [ '3.1.2' ],
47 silly audit   'path-exists': [ '4.0.0', '3.0.0' ],
47 silly audit   'path-is-absolute': [ '1.0.1' ],
47 silly audit   'path-key': [ '3.1.1' ],
47 silly audit   'path-parse': [ '1.0.7' ],
47 silly audit   'path-scurry': [ '1.11.1' ],
47 silly audit   'path-to-regexp': [ '0.1.7' ],
47 silly audit   'path-type': [ '4.0.0' ],
47 silly audit   'performance-now': [ '2.1.0' ],
47 silly audit   picocolors: [ '1.0.1', '0.2.1' ],
47 silly audit   picomatch: [ '2.3.1' ],
47 silly audit   pify: [ '2.3.0' ],
47 silly audit   pirates: [ '4.0.6' ],
47 silly audit   'pkg-dir': [ '4.2.0' ],
47 silly audit   'pkg-up': [ '3.1.0' ],
47 silly audit   'possible-typed-array-names': [ '1.0.0' ],
47 silly audit   postcss: [ '8.4.38', '7.0.39' ],
47 silly audit   'postcss-attribute-case-insensitive': [ '5.0.2' ],
47 silly audit   'postcss-browser-comments': [ '4.0.0' ],
47 silly audit   'postcss-calc': [ '8.2.4' ],
47 silly audit   'postcss-clamp': [ '4.1.0' ],
47 silly audit   'postcss-color-functional-notation': [ '4.2.4' ],
47 silly audit   'postcss-color-hex-alpha': [ '8.0.4' ],
47 silly audit   'postcss-color-rebeccapurple': [ '7.1.1' ],
47 silly audit   'postcss-colormin': [ '5.3.1' ],
47 silly audit   'postcss-convert-values': [ '5.1.3' ],
47 silly audit   'postcss-custom-media': [ '8.0.2' ],
47 silly audit   'postcss-custom-properties': [ '12.1.11' ],
47 silly audit   'postcss-custom-selectors': [ '6.0.3' ],
47 silly audit   'postcss-dir-pseudo-class': [ '6.0.5' ],
47 silly audit   'postcss-discard-comments': [ '5.1.2' ],
47 silly audit   'postcss-discard-duplicates': [ '5.1.0' ],
47 silly audit   'postcss-discard-empty': [ '5.1.1' ],
47 silly audit   'postcss-discard-overridden': [ '5.1.0' ],
47 silly audit   'postcss-double-position-gradients': [ '3.1.2' ],
47 silly audit   'postcss-env-function': [ '4.0.6' ],
47 silly audit   'postcss-flexbugs-fixes': [ '5.0.2' ],
47 silly audit   'postcss-focus-visible': [ '6.0.4' ],
47 silly audit   'postcss-focus-within': [ '5.0.4' ],
47 silly audit   'postcss-font-variant': [ '5.0.0' ],
47 silly audit   'postcss-gap-properties': [ '3.0.5' ],
47 silly audit   'postcss-image-set-function': [ '4.0.7' ],
47 silly audit   'postcss-import': [ '15.1.0' ],
47 silly audit   'postcss-initial': [ '4.0.1' ],
47 silly audit   'postcss-js': [ '4.0.1' ],
47 silly audit   'postcss-lab-function': [ '4.2.1' ],
47 silly audit   'postcss-load-config': [ '4.0.2' ],
47 silly audit   yaml: [ '2.4.2', '1.10.2' ],
47 silly audit   'postcss-loader': [ '6.2.1' ],
47 silly audit   'postcss-logical': [ '5.0.4' ],
47 silly audit   'postcss-media-minmax': [ '5.0.0' ],
47 silly audit   'postcss-merge-longhand': [ '5.1.7' ],
47 silly audit   'postcss-merge-rules': [ '5.1.4' ],
47 silly audit   'postcss-minify-font-values': [ '5.1.0' ],
47 silly audit   'postcss-minify-gradients': [ '5.1.1' ],
47 silly audit   'postcss-minify-params': [ '5.1.4' ],
47 silly audit   'postcss-minify-selectors': [ '5.2.1' ],
47 silly audit   'postcss-modules-extract-imports': [ '3.1.0' ],
47 silly audit   'postcss-modules-local-by-default': [ '4.0.5' ],
47 silly audit   'postcss-modules-scope': [ '3.2.0' ],
47 silly audit   'postcss-modules-values': [ '4.0.0' ],
47 silly audit   'postcss-nested': [ '6.0.1' ],
47 silly audit   'postcss-nesting': [ '10.2.0' ],
47 silly audit   'postcss-normalize': [ '10.0.1' ],
47 silly audit   'postcss-normalize-charset': [ '5.1.0' ],
47 silly audit   'postcss-normalize-display-values': [ '5.1.0' ],
47 silly audit   'postcss-normalize-positions': [ '5.1.1' ],
47 silly audit   'postcss-normalize-repeat-style': [ '5.1.1' ],
47 silly audit   'postcss-normalize-string': [ '5.1.0' ],
47 silly audit   'postcss-normalize-timing-functions': [ '5.1.0' ],
47 silly audit   'postcss-normalize-unicode': [ '5.1.1' ],
47 silly audit   'postcss-normalize-url': [ '5.1.0' ],
47 silly audit   'postcss-normalize-whitespace': [ '5.1.1' ],
47 silly audit   'postcss-opacity-percentage': [ '1.1.3' ],
47 silly audit   'postcss-ordered-values': [ '5.1.3' ],
47 silly audit   'postcss-overflow-shorthand': [ '3.0.4' ],
47 silly audit   'postcss-page-break': [ '3.0.4' ],
47 silly audit   'postcss-place': [ '7.0.5' ],
47 silly audit   'postcss-preset-env': [ '7.8.3' ],
47 silly audit   'postcss-pseudo-class-any-link': [ '7.1.6' ],
47 silly audit   'postcss-reduce-initial': [ '5.1.2' ],
47 silly audit   'postcss-reduce-transforms': [ '5.1.0' ],
47 silly audit   'postcss-replace-overflow-wrap': [ '4.0.0' ],
47 silly audit   'postcss-selector-not': [ '6.0.1' ],
47 silly audit   'postcss-selector-parser': [ '6.1.0' ],
47 silly audit   'postcss-svgo': [ '5.1.0' ],
47 silly audit   svgo: [ '2.8.0', '1.3.2' ],
47 silly audit   'postcss-unique-selectors': [ '5.1.1' ],
47 silly audit   'postcss-value-parser': [ '4.2.0' ],
47 silly audit   'prelude-ls': [ '1.2.1', '1.1.2' ],
47 silly audit   prettier: [ '3.2.5' ],
47 silly audit   'prettier-linter-helpers': [ '1.0.0' ],
47 silly audit   'pretty-bytes': [ '5.6.0' ],
47 silly audit   'pretty-error': [ '4.0.0' ],
47 silly audit   'process-nextick-args': [ '2.0.1' ],
47 silly audit   promise: [ '8.3.0' ],
47 silly audit   prompts: [ '2.4.2' ],
47 silly audit   'prop-types': [ '15.8.1' ],
47 silly audit   'property-expr': [ '2.0.6' ],
47 silly audit   'proxy-addr': [ '2.0.7' ],
47 silly audit   'proxy-from-env': [ '1.1.0' ],
47 silly audit   psl: [ '1.9.0' ],
47 silly audit   punycode: [ '2.3.1' ],
47 silly audit   q: [ '1.5.1' ],
47 silly audit   qs: [ '6.11.0' ],
47 silly audit   querystringify: [ '2.2.0' ],
47 silly audit   'queue-microtask': [ '1.2.3' ],
47 silly audit   raf: [ '3.4.1' ],
47 silly audit   randombytes: [ '2.1.0' ],
47 silly audit   'range-parser': [ '1.2.1' ],
47 silly audit   'raw-body': [ '2.5.2' ],
47 silly audit   react: [ '18.3.1' ],
47 silly audit   'react-app-polyfill': [ '3.0.0' ],
47 silly audit   'regenerator-runtime': [ '0.13.11', '0.14.1' ],
47 silly audit   'react-clientside-effect': [ '1.2.6' ],
47 silly audit   'react-dev-utils': [ '12.0.1' ],
47 silly audit   'react-dom': [ '18.3.1' ],
47 silly audit   'react-error-overlay': [ '6.0.11' ],
47 silly audit   'react-focus-lock': [ '2.12.1' ],
47 silly audit   'react-refresh': [ '0.11.0' ],
47 silly audit   'react-remove-scroll': [ '2.5.10' ],
47 silly audit   'react-remove-scroll-bar': [ '2.3.6' ],
47 silly audit   'react-router': [ '6.23.1' ],
47 silly audit   'react-router-dom': [ '6.23.1' ],
47 silly audit   'react-scripts': [ '5.0.1' ],
47 silly audit   'react-style-singleton': [ '2.2.1' ],
47 silly audit   'read-cache': [ '1.0.0' ],
47 silly audit   readdirp: [ '3.6.0' ],
47 silly audit   recoil: [ '0.7.7' ],
47 silly audit   'recursive-readdir': [ '2.2.3' ],
47 silly audit   redent: [ '3.0.0' ],
47 silly audit   'reflect.getprototypeof': [ '1.0.6' ],
47 silly audit   regenerate: [ '1.4.2' ],
47 silly audit   'regenerate-unicode-properties': [ '10.1.1' ],
47 silly audit   'regenerator-transform': [ '0.15.2' ],
47 silly audit   'regex-parser': [ '2.3.0' ],
47 silly audit   'regexp.prototype.flags': [ '1.5.2' ],
47 silly audit   'regexpu-core': [ '5.3.2' ],
47 silly audit   regjsparser: [ '0.9.1' ],
47 silly audit   relateurl: [ '0.2.7' ],
47 silly audit   renderkid: [ '3.0.0' ],
47 silly audit   'require-directory': [ '2.1.1' ],
47 silly audit   'require-from-string': [ '2.0.2' ],
47 silly audit   'requires-port': [ '1.0.0' ],
47 silly audit   'resolve-cwd': [ '3.0.0' ],
47 silly audit   'resolve-url-loader': [ '4.0.0' ],
47 silly audit   'resolve.exports': [ '1.1.1' ],
47 silly audit   retry: [ '0.13.1' ],
47 silly audit   reusify: [ '1.0.4' ],
47 silly audit   rimraf: [ '3.0.2' ],
47 silly audit   rollup: [ '2.79.1' ],
47 silly audit   'rollup-plugin-terser': [ '7.0.2' ],
47 silly audit   'serialize-javascript': [ '4.0.0', '6.0.2' ],
47 silly audit   'run-parallel': [ '1.2.0' ],
47 silly audit   'safe-array-concat': [ '1.1.2' ],
47 silly audit   'safe-regex-test': [ '1.0.3' ],
47 silly audit   'safer-buffer': [ '2.1.2' ],
47 silly audit   'sanitize.css': [ '13.0.0' ],
47 silly audit   'sass-loader': [ '12.6.0' ],
47 silly audit   sax: [ '1.2.4' ],
47 silly audit   saxes: [ '5.0.1' ],
47 silly audit   scheduler: [ '0.23.2' ],
47 silly audit   'select-hose': [ '2.0.0' ],
47 silly audit   selfsigned: [ '2.4.1' ],
47 silly audit   send: [ '0.18.0' ],
47 silly audit   'serve-index': [ '1.9.1' ],
47 silly audit   setprototypeof: [ '1.1.0', '1.2.0' ],
47 silly audit   statuses: [ '1.5.0', '2.0.1' ],
47 silly audit   'serve-static': [ '1.15.0' ],
47 silly audit   'set-function-length': [ '1.2.2' ],
47 silly audit   'set-function-name': [ '2.0.2' ],
47 silly audit   'shebang-command': [ '2.0.0' ],
47 silly audit   'shebang-regex': [ '3.0.0' ],
47 silly audit   'shell-quote': [ '1.8.1' ],
47 silly audit   'side-channel': [ '1.0.6' ],
47 silly audit   sisteransi: [ '1.0.5' ],
47 silly audit   sockjs: [ '0.3.24' ],
47 silly audit   'source-list-map': [ '2.0.1' ],
47 silly audit   'source-map-js': [ '1.2.0' ],
47 silly audit   'source-map-loader': [ '3.0.2' ],
47 silly audit   'source-map-support': [ '0.5.21' ],
47 silly audit   'sourcemap-codec': [ '1.4.8' ],
47 silly audit   spdy: [ '4.0.2' ],
47 silly audit   'spdy-transport': [ '3.0.0' ],
47 silly audit   'sprintf-js': [ '1.0.3' ],
47 silly audit   stable: [ '0.1.8' ],
47 silly audit   'stack-utils': [ '2.0.6' ],
47 silly audit   stackframe: [ '1.3.4' ],
47 silly audit   'static-eval': [ '2.0.2' ],
47 silly audit   'type-check': [ '0.3.2', '0.4.0' ],
47 silly audit   'stop-iteration-iterator': [ '1.0.0' ],
47 silly audit   'string-natural-compare': [ '3.0.1' ],
47 silly audit   'string.prototype.matchall': [ '4.0.11' ],
47 silly audit   'string.prototype.trim': [ '1.2.9' ],
47 silly audit   'string.prototype.trimend': [ '1.0.8' ],
47 silly audit   'string.prototype.trimstart': [ '1.0.8' ],
47 silly audit   'stringify-object': [ '3.3.0' ],
47 silly audit   'strip-bom': [ '4.0.0', '3.0.0' ],
47 silly audit   'strip-comments': [ '2.0.1' ],
47 silly audit   'strip-final-newline': [ '2.0.0' ],
47 silly audit   'strip-indent': [ '3.0.0' ],
47 silly audit   'strip-json-comments': [ '3.1.1' ],
47 silly audit   'style-loader': [ '3.3.4' ],
47 silly audit   stylehacks: [ '5.1.1' ],
47 silly audit   stylis: [ '4.2.0' ],
47 silly audit   sucrase: [ '3.35.0' ],
47 silly audit   'supports-hyperlinks': [ '2.3.0' ],
47 silly audit   'supports-preserve-symlinks-flag': [ '1.0.0' ],
47 silly audit   'svg-parser': [ '2.0.4' ],
47 silly audit   'symbol-tree': [ '3.2.4' ],
47 silly audit   synckit: [ '0.8.8' ],
47 silly audit   tailwindcss: [ '3.4.3' ],
47 silly audit   'temp-dir': [ '2.0.0' ],
47 silly audit   tempy: [ '0.6.0' ],
47 silly audit   'terminal-link': [ '2.1.1' ],
47 silly audit   terser: [ '5.31.0' ],
47 silly audit   'terser-webpack-plugin': [ '5.3.10' ],
47 silly audit   'test-exclude': [ '6.0.0' ],
47 silly audit   'text-table': [ '0.2.0' ],
47 silly audit   thenify: [ '3.3.1' ],
47 silly audit   'thenify-all': [ '1.6.0' ],
47 silly audit   throat: [ '6.0.2' ],
47 silly audit   thunky: [ '1.1.0' ],
47 silly audit   'tiny-case': [ '1.0.3' ],
47 silly audit   'tiny-invariant': [ '1.3.3' ],
47 silly audit   'tiny-warning': [ '1.0.3' ],
47 silly audit   tmpl: [ '1.0.5' ],
47 silly audit   'to-fast-properties': [ '2.0.0' ],
47 silly audit   'to-regex-range': [ '5.0.1' ],
47 silly audit   'toggle-selection': [ '1.0.6' ],
47 silly audit   toidentifier: [ '1.0.1' ],
47 silly audit   toposort: [ '2.0.2' ],
47 silly audit   'tough-cookie': [ '4.1.4' ],
47 silly audit   universalify: [ '0.2.0', '2.0.1' ],
47 silly audit   tr46: [ '2.1.0', '1.0.1' ],
47 silly audit   tryer: [ '1.0.1' ],
47 silly audit   'ts-interface-checker': [ '0.1.13' ],
47 silly audit   'tsconfig-paths': [ '3.15.0' ],
47 silly audit   tsutils: [ '3.21.0' ],
47 silly audit   'type-detect': [ '4.0.8' ],
47 silly audit   'type-is': [ '1.6.18' ],
47 silly audit   'typed-array-buffer': [ '1.0.2' ],
47 silly audit   'typed-array-byte-length': [ '1.0.1' ],
47 silly audit   'typed-array-byte-offset': [ '1.0.2' ],
47 silly audit   'typed-array-length': [ '1.0.6' ],
47 silly audit   'typedarray-to-buffer': [ '3.1.5' ],
47 silly audit   typescript: [ '4.9.5' ],
47 silly audit   'unbox-primitive': [ '1.0.2' ],
47 silly audit   underscore: [ '1.12.1' ],
47 silly audit   'unicode-canonical-property-names-ecmascript': [ '2.0.0' ],
47 silly audit   'unicode-match-property-ecmascript': [ '2.0.0' ],
47 silly audit   'unicode-match-property-value-ecmascript': [ '2.1.0' ],
47 silly audit   'unicode-property-aliases-ecmascript': [ '2.1.0' ],
47 silly audit   'unique-string': [ '2.0.0' ],
47 silly audit   unpipe: [ '1.0.0' ],
47 silly audit   unquote: [ '1.1.1' ],
47 silly audit   upath: [ '1.2.0' ],
47 silly audit   'update-browserslist-db': [ '1.0.16' ],
47 silly audit   'uri-js': [ '4.4.1' ],
47 silly audit   'url-parse': [ '1.5.10' ],
47 silly audit   'use-callback-ref': [ '1.3.2' ],
47 silly audit   'use-sidecar': [ '1.1.2' ],
47 silly audit   'util-deprecate': [ '1.0.2' ],
47 silly audit   'util.promisify': [ '1.0.1' ],
47 silly audit   utila: [ '0.4.0' ],
47 silly audit   'utils-merge': [ '1.0.1' ],
47 silly audit   uuid: [ '8.3.2' ],
47 silly audit   'v8-to-istanbul': [ '8.1.1' ],
47 silly audit   vary: [ '1.1.2' ],
47 silly audit   'w3c-hr-time': [ '1.0.2' ],
47 silly audit   'w3c-xmlserializer': [ '2.0.0' ],
47 silly audit   walker: [ '1.0.8' ],
47 silly audit   watchpack: [ '2.4.1' ],
47 silly audit   wbuf: [ '1.7.3' ],
47 silly audit   'web-vitals': [ '2.1.4' ],
47 silly audit   webpack: [ '5.91.0' ],
47 silly audit   'webpack-dev-middleware': [ '5.3.4' ],
47 silly audit   'webpack-dev-server': [ '4.15.2' ],
47 silly audit   ws: [ '8.17.0', '7.5.9' ],
47 silly audit   'webpack-manifest-plugin': [ '4.1.1' ],
47 silly audit   'webpack-sources': [ '2.3.1', '3.2.3', '1.4.3' ],
47 silly audit   'websocket-driver': [ '0.7.4' ],
47 silly audit   'websocket-extensions': [ '0.1.4' ],
47 silly audit   'whatwg-encoding': [ '1.0.5' ],
47 silly audit   'whatwg-fetch': [ '3.6.20' ],
47 silly audit   'whatwg-mimetype': [ '2.3.0' ],
47 silly audit   'whatwg-url': [ '8.7.0', '7.1.0' ],
47 silly audit   'which-boxed-primitive': [ '1.0.2' ],
47 silly audit   'which-builtin-type': [ '1.1.3' ],
47 silly audit   'which-collection': [ '1.0.2' ],
47 silly audit   'which-typed-array': [ '1.1.15' ],
47 silly audit   'word-wrap': [ '1.2.5' ],
47 silly audit   'workbox-background-sync': [ '6.6.0' ],
47 silly audit   'workbox-broadcast-update': [ '6.6.0' ],
47 silly audit   'workbox-build': [ '6.6.0' ],
47 silly audit   '@apideck/better-ajv-errors': [ '0.3.6' ],
47 silly audit   'workbox-cacheable-response': [ '6.6.0' ],
47 silly audit   'workbox-core': [ '6.6.0' ],
47 silly audit   'workbox-expiration': [ '6.6.0' ],
47 silly audit   'workbox-google-analytics': [ '6.6.0' ],
47 silly audit   'workbox-navigation-preload': [ '6.6.0' ],
47 silly audit   'workbox-precaching': [ '6.6.0' ],
47 silly audit   'workbox-range-requests': [ '6.6.0' ],
47 silly audit   'workbox-recipes': [ '6.6.0' ],
47 silly audit   'workbox-routing': [ '6.6.0' ],
47 silly audit   'workbox-strategies': [ '6.6.0' ],
47 silly audit   'workbox-streams': [ '6.6.0' ],
47 silly audit   'workbox-sw': [ '6.6.0' ],
47 silly audit   'workbox-webpack-plugin': [ '6.6.0' ],
47 silly audit   'workbox-window': [ '6.6.0' ],
47 silly audit   wrappy: [ '1.0.2' ],
47 silly audit   'write-file-atomic': [ '3.0.3' ],
47 silly audit   'xml-name-validator': [ '3.0.0' ],
47 silly audit   xmlchars: [ '2.2.0' ],
47 silly audit   y18n: [ '5.0.8' ],
47 silly audit   yallist: [ '3.1.1' ],
47 silly audit   yargs: [ '16.2.0' ],
47 silly audit   'yargs-parser': [ '20.2.9' ],
47 silly audit   'yocto-queue': [ '0.1.0' ],
47 silly audit   yup: [ '1.4.0' ]
47 silly audit }
48 verbose reify failed optional dependency C:\Users\User\IdeaProjects\143quiz_frontend\node_modules\fsevents
49 silly reify mark deleted [
49 silly reify   'C:\\Users\\User\\IdeaProjects\\143quiz_frontend\\node_modules\\fsevents'
49 silly reify ]
50 timing reifyNode:node_modules/fsevents Completed in 9ms
51 silly tarball no local data for toposort@https://registry.npmjs.org/toposort/-/toposort-2.0.2.tgz. Extracting by manifest.
52 silly tarball no local data for yup@https://registry.npmjs.org/yup/-/yup-1.4.0.tgz. Extracting by manifest.
53 silly tarball no local data for tiny-case@https://registry.npmjs.org/tiny-case/-/tiny-case-1.0.3.tgz. Extracting by manifest.
54 silly tarball no local data for lodash-es@https://registry.npmjs.org/lodash-es/-/lodash-es-4.17.21.tgz. Extracting by manifest.
55 silly tarball no local data for tiny-warning@https://registry.npmjs.org/tiny-warning/-/tiny-warning-1.0.3.tgz. Extracting by manifest.
56 silly tarball no local data for property-expr@https://registry.npmjs.org/property-expr/-/property-expr-2.0.6.tgz. Extracting by manifest.
57 silly tarball no local data for formik@https://registry.npmjs.org/formik/-/formik-2.4.6.tgz. Extracting by manifest.
58 silly tarball no local data for @types/hoist-non-react-statics@https://registry.npmjs.org/@types/hoist-non-react-statics/-/hoist-non-react-statics-3.3.5.tgz. Extracting by manifest.
59 silly tarball no local data for @fortawesome/react-fontawesome@https://registry.npmjs.org/@fortawesome/react-fontawesome/-/react-fontawesome-0.2.2.tgz. Extracting by manifest.
60 silly tarball no local data for @fortawesome/fontawesome-svg-core@https://registry.npmjs.org/@fortawesome/fontawesome-svg-core/-/fontawesome-svg-core-6.5.2.tgz. Extracting by manifest.
61 silly tarball no local data for @fortawesome/fontawesome-common-types@https://registry.npmjs.org/@fortawesome/fontawesome-common-types/-/fontawesome-common-types-6.5.2.tgz. Extracting by manifest.
62 silly tarball no local data for @chakra-ui/icons@https://registry.npmjs.org/@chakra-ui/icons/-/icons-2.1.1.tgz. Extracting by manifest.
63 silly tarball no local data for type-fest@https://registry.npmjs.org/type-fest/-/type-fest-2.19.0.tgz. Extracting by manifest.
64 silly tarball no local data for react-fast-compare@https://registry.npmjs.org/react-fast-compare/-/react-fast-compare-2.0.4.tgz. Extracting by manifest.
65 silly tarball no local data for deepmerge@https://registry.npmjs.org/deepmerge/-/deepmerge-2.2.1.tgz. Extracting by manifest.
66 http fetch GET 200 https://registry.npmjs.org/npm 1775ms (cache miss)
67 http fetch GET 200 https://registry.npmjs.org/tiny-warning/-/tiny-warning-1.0.3.tgz 342ms (cache miss)
68 timing reifyNode:node_modules/tiny-warning Completed in 364ms
69 http fetch GET 200 https://registry.npmjs.org/property-expr/-/property-expr-2.0.6.tgz 396ms (cache miss)
70 timing reifyNode:node_modules/property-expr Completed in 418ms
71 http fetch GET 200 https://registry.npmjs.org/toposort/-/toposort-2.0.2.tgz 424ms (cache miss)
72 timing reifyNode:node_modules/toposort Completed in 444ms
73 http fetch GET 200 https://registry.npmjs.org/yup/-/yup-1.4.0.tgz 425ms (cache miss)
74 timing reifyNode:node_modules/yup Completed in 447ms
75 http fetch GET 200 https://registry.npmjs.org/tiny-case/-/tiny-case-1.0.3.tgz 575ms (cache miss)
76 timing reifyNode:node_modules/tiny-case Completed in 597ms
77 http fetch GET 200 https://registry.npmjs.org/react-fast-compare/-/react-fast-compare-2.0.4.tgz 585ms (cache miss)
78 timing reifyNode:node_modules/formik/node_modules/react-fast-compare Completed in 610ms
79 http fetch GET 200 https://registry.npmjs.org/deepmerge/-/deepmerge-2.2.1.tgz 622ms (cache miss)
80 timing reifyNode:node_modules/formik/node_modules/deepmerge Completed in 647ms
81 http fetch GET 200 https://registry.npmjs.org/type-fest/-/type-fest-2.19.0.tgz 775ms (cache miss)
82 http fetch POST 200 https://registry.npmjs.org/-/npm/v1/security/advisories/bulk 808ms
83 timing auditReport:getReport Completed in 822ms
84 silly audit report {
84 silly audit report   'nth-check': [
84 silly audit report     {
84 silly audit report       id: 1095141,
84 silly audit report       url: 'https://github.com/advisories/GHSA-rp65-9cf3-cjxr',
84 silly audit report       title: 'Inefficient Regular Expression Complexity in nth-check',
84 silly audit report       severity: 'high',
84 silly audit report       vulnerable_versions: '<2.0.1',
84 silly audit report       cwe: [Array],
84 silly audit report       cvss: [Object]
84 silly audit report     }
84 silly audit report   ],
84 silly audit report   postcss: [
84 silly audit report     {
84 silly audit report       id: 1094544,
84 silly audit report       url: 'https://github.com/advisories/GHSA-7fh5-64p2-3v2j',
84 silly audit report       title: 'PostCSS line return parsing error',
84 silly audit report       severity: 'moderate',
84 silly audit report       vulnerable_versions: '<8.4.31',
84 silly audit report       cwe: [Array],
84 silly audit report       cvss: [Object]
84 silly audit report     }
84 silly audit report   ]
84 silly audit report }
85 timing reifyNode:node_modules/yup/node_modules/type-fest Completed in 807ms
86 timing metavuln:cache:get:security-advisory:nth-check:u9kIbs88jjqPq0zHVBinwei/KZ5GCRRfUp85vuDQlT/Si01qI5XVVQOSRujFCbyFsnHqETob3CApPmYQZ74K2A== Completed in 2ms
87 timing metavuln:cache:get:security-advisory:postcss:ylHlqxOD5gx7vcQurwTZyQHJsodRCM2yV95izcDPSahj+DDa6IEdlDh7BWAlf7fDDEd+NyVQHm50pHmcApHI4w== Completed in 1ms
88 http fetch GET 200 https://registry.npmjs.org/nth-check 302ms (cache miss)
89 timing metavuln:packument:nth-check Completed in 302ms
90 timing metavuln:load:security-advisory:nth-check:1095141 Completed in 1ms
91 timing metavuln:cache:put:security-advisory:nth-check:u9kIbs88jjqPq0zHVBinwei/KZ5GCRRfUp85vuDQlT/Si01qI5XVVQOSRujFCbyFsnHqETob3CApPmYQZ74K2A== Completed in 9ms
92 timing metavuln:calculate:security-advisory:nth-check:1095141 Completed in 313ms
93 http fetch GET 200 https://registry.npmjs.org/formik/-/formik-2.4.6.tgz 1148ms (cache miss)
94 timing reifyNode:node_modules/formik Completed in 1170ms
95 http fetch GET 200 https://registry.npmjs.org/@types/hoist-non-react-statics/-/hoist-non-react-statics-3.3.5.tgz 1182ms (cache miss)
96 timing reifyNode:node_modules/@types/hoist-non-react-statics Completed in 1207ms
97 http fetch GET 200 https://registry.npmjs.org/postcss 451ms (cache miss)
98 timing metavuln:packument:postcss Completed in 454ms
99 timing metavuln:load:security-advisory:postcss:1094544 Completed in 5ms
100 timing metavuln:cache:put:security-advisory:postcss:ylHlqxOD5gx7vcQurwTZyQHJsodRCM2yV95izcDPSahj+DDa6IEdlDh7BWAlf7fDDEd+NyVQHm50pHmcApHI4w== Completed in 10ms
101 timing metavuln:calculate:security-advisory:postcss:1094544 Completed in 469ms
102 timing metavuln:cache:get:security-advisory:css-select:SLFoDCntvPIX7nfh4g/iCe2/KeoLVy5CIo+Vtscwot4QJeqx55N/LgyavNwRLdiV5D/6y18tMpVEodIgf/9HMA== Completed in 1ms
103 http fetch GET 200 https://registry.npmjs.org/@fortawesome/react-fontawesome/-/react-fontawesome-0.2.2.tgz 1346ms (cache miss)
104 timing reifyNode:node_modules/@fortawesome/react-fontawesome Completed in 1369ms
105 http fetch GET 200 https://registry.npmjs.org/lodash-es/-/lodash-es-4.17.21.tgz 1517ms (cache miss)
106 timing reifyNode:node_modules/lodash-es Completed in 1540ms
107 http fetch GET 200 https://registry.npmjs.org/css-select 267ms (cache miss)
108 timing metavuln:packument:css-select Completed in 267ms
109 timing metavuln:load:security-advisory:css-select:u9kIbs88jjqPq0zHVBinwei/KZ5GCRRfUp85vuDQlT/Si01qI5XVVQOSRujFCbyFsnHqETob3CApPmYQZ74K2A== Completed in 2ms
110 timing metavuln:cache:put:security-advisory:css-select:SLFoDCntvPIX7nfh4g/iCe2/KeoLVy5CIo+Vtscwot4QJeqx55N/LgyavNwRLdiV5D/6y18tMpVEodIgf/9HMA== Completed in 6ms
111 timing metavuln:calculate:security-advisory:css-select:u9kIbs88jjqPq0zHVBinwei/KZ5GCRRfUp85vuDQlT/Si01qI5XVVQOSRujFCbyFsnHqETob3CApPmYQZ74K2A== Completed in 276ms
112 timing metavuln:cache:get:security-advisory:resolve-url-loader:NMmXK6xVhonFWyuVjVZvtHCgDtIj2Xt/NObjzI+nKFgCMVK0SPWnlUyO5ZfDMa1dK6KZVYB4z5/E6SGUubEZmA== Completed in 1ms
113 http fetch GET 200 https://registry.npmjs.org/@fortawesome/fontawesome-svg-core/-/fontawesome-svg-core-6.5.2.tgz 1551ms (cache miss)
114 timing reifyNode:node_modules/@fortawesome/fontawesome-svg-core Completed in 1574ms
115 http fetch GET 200 https://registry.npmjs.org/@fortawesome/fontawesome-common-types/-/fontawesome-common-types-6.5.2.tgz 1595ms (cache miss)
116 timing reifyNode:node_modules/@fortawesome/fontawesome-common-types Completed in 1619ms
117 http fetch GET 200 https://registry.npmjs.org/resolve-url-loader 97ms (cache miss)
118 timing metavuln:packument:resolve-url-loader Completed in 98ms
119 timing metavuln:load:security-advisory:resolve-url-loader:ylHlqxOD5gx7vcQurwTZyQHJsodRCM2yV95izcDPSahj+DDa6IEdlDh7BWAlf7fDDEd+NyVQHm50pHmcApHI4w== Completed in 9ms
120 timing metavuln:cache:put:security-advisory:resolve-url-loader:NMmXK6xVhonFWyuVjVZvtHCgDtIj2Xt/NObjzI+nKFgCMVK0SPWnlUyO5ZfDMa1dK6KZVYB4z5/E6SGUubEZmA== Completed in 8ms
121 timing metavuln:calculate:security-advisory:resolve-url-loader:ylHlqxOD5gx7vcQurwTZyQHJsodRCM2yV95izcDPSahj+DDa6IEdlDh7BWAlf7fDDEd+NyVQHm50pHmcApHI4w== Completed in 116ms
122 timing metavuln:cache:get:security-advisory:svgo:XUKKCUuEIfThVsBLy+oF8GyP7lxkVuLkW//+NY5/KIf8QcWHSFuyi5ASrjDctKGKZ6oI4iYXN2mfMc9AZn06XQ== Completed in 1ms
123 http fetch GET 200 https://registry.npmjs.org/svgo 75ms (cache miss)
124 timing metavuln:packument:svgo Completed in 76ms
125 timing metavuln:load:security-advisory:svgo:SLFoDCntvPIX7nfh4g/iCe2/KeoLVy5CIo+Vtscwot4QJeqx55N/LgyavNwRLdiV5D/6y18tMpVEodIgf/9HMA== Completed in 2ms
126 timing metavuln:cache:put:security-advisory:svgo:XUKKCUuEIfThVsBLy+oF8GyP7lxkVuLkW//+NY5/KIf8QcWHSFuyi5ASrjDctKGKZ6oI4iYXN2mfMc9AZn06XQ== Completed in 6ms
127 timing metavuln:calculate:security-advisory:svgo:SLFoDCntvPIX7nfh4g/iCe2/KeoLVy5CIo+Vtscwot4QJeqx55N/LgyavNwRLdiV5D/6y18tMpVEodIgf/9HMA== Completed in 84ms
128 timing metavuln:cache:get:security-advisory:react-scripts:kKU8uM+qTtInubgYQrn1Pxn81QMWKfkCDfIZjup8wyMg7BSnoJIdXRXTKPG7RjTojqBqBxvALJQnSFxA9BPZoA== Completed in 1ms
129 http fetch GET 200 https://registry.npmjs.org/@chakra-ui/icons/-/icons-2.1.1.tgz 2081ms (cache miss)
130 timing reifyNode:node_modules/@chakra-ui/icons Completed in 2106ms
131 timing reify:unpack Completed in 2109ms
132 timing reify:unretire Completed in 0ms
133 timing build:queue Completed in 1ms
134 info run @fortawesome/fontawesome-common-types@6.5.2 postinstall node_modules/@fortawesome/fontawesome-common-types node attribution.js
135 info run @fortawesome/fontawesome-svg-core@6.5.2 postinstall node_modules/@fortawesome/fontawesome-svg-core node attribution.js
136 info run @fortawesome/fontawesome-common-types@6.5.2 postinstall { code: 0, signal: null }
137 timing build:run:postinstall:node_modules/@fortawesome/fontawesome-common-types Completed in 195ms
138 info run @fortawesome/fontawesome-svg-core@6.5.2 postinstall { code: 0, signal: null }
139 timing build:run:postinstall:node_modules/@fortawesome/fontawesome-svg-core Completed in 163ms
140 timing build:run:postinstall Completed in 199ms
141 timing build:deps Completed in 200ms
142 timing build Completed in 201ms
143 timing reify:build Completed in 201ms
144 timing reify:trash Completed in 1ms
145 timing reify:save Completed in 590ms
146 http fetch GET 200 https://registry.npmjs.org/react-scripts 1595ms (cache miss)
147 timing metavuln:packument:react-scripts Completed in 1599ms
148 timing metavuln:load:security-advisory:react-scripts:NMmXK6xVhonFWyuVjVZvtHCgDtIj2Xt/NObjzI+nKFgCMVK0SPWnlUyO5ZfDMa1dK6KZVYB4z5/E6SGUubEZmA== Completed in 4ms
149 timing metavuln:cache:put:security-advisory:react-scripts:kKU8uM+qTtInubgYQrn1Pxn81QMWKfkCDfIZjup8wyMg7BSnoJIdXRXTKPG7RjTojqBqBxvALJQnSFxA9BPZoA== Completed in 6ms
150 timing metavuln:calculate:security-advisory:react-scripts:NMmXK6xVhonFWyuVjVZvtHCgDtIj2Xt/NObjzI+nKFgCMVK0SPWnlUyO5ZfDMa1dK6KZVYB4z5/E6SGUubEZmA== Completed in 1610ms
151 timing metavuln:cache:get:security-advisory:@svgr/plugin-svgo:EsuzSbf7+Y+7kKOmijkK+GD/doYYcoKZ2epSaSjuMjK3D5MenoOfnownHNwRmdBZcaR1NsuBUK35WDllW+AMMw== Completed in 1ms
152 http fetch GET 200 https://registry.npmjs.org/@svgr%2fplugin-svgo 1665ms (cache miss)
153 timing metavuln:packument:@svgr/plugin-svgo Completed in 1665ms
154 timing metavuln:load:security-advisory:@svgr/plugin-svgo:XUKKCUuEIfThVsBLy+oF8GyP7lxkVuLkW//+NY5/KIf8QcWHSFuyi5ASrjDctKGKZ6oI4iYXN2mfMc9AZn06XQ== Completed in 1ms
155 timing metavuln:cache:put:security-advisory:@svgr/plugin-svgo:EsuzSbf7+Y+7kKOmijkK+GD/doYYcoKZ2epSaSjuMjK3D5MenoOfnownHNwRmdBZcaR1NsuBUK35WDllW+AMMw== Completed in 5ms
156 timing metavuln:calculate:security-advisory:@svgr/plugin-svgo:XUKKCUuEIfThVsBLy+oF8GyP7lxkVuLkW//+NY5/KIf8QcWHSFuyi5ASrjDctKGKZ6oI4iYXN2mfMc9AZn06XQ== Completed in 1672ms
157 timing metavuln:cache:get:security-advisory:@svgr/webpack:IqnIHrynVlqAtMhtysIZT7fFR47WkNiVdS0bltwMCNwW6AuOVEGK8Ns3UrtOyzCH0k8s8awx0D1vcr5HtSiaPw== Completed in 2ms
158 http fetch GET 200 https://registry.npmjs.org/@svgr%2fwebpack 120ms (cache miss)
159 timing metavuln:packument:@svgr/webpack Completed in 122ms
160 timing metavuln:load:security-advisory:@svgr/webpack:EsuzSbf7+Y+7kKOmijkK+GD/doYYcoKZ2epSaSjuMjK3D5MenoOfnownHNwRmdBZcaR1NsuBUK35WDllW+AMMw== Completed in 3ms
161 timing metavuln:cache:put:security-advisory:@svgr/webpack:IqnIHrynVlqAtMhtysIZT7fFR47WkNiVdS0bltwMCNwW6AuOVEGK8Ns3UrtOyzCH0k8s8awx0D1vcr5HtSiaPw== Completed in 5ms
162 timing metavuln:calculate:security-advisory:@svgr/webpack:EsuzSbf7+Y+7kKOmijkK+GD/doYYcoKZ2epSaSjuMjK3D5MenoOfnownHNwRmdBZcaR1NsuBUK35WDllW+AMMw== Completed in 130ms
163 timing metavuln:cache:get:security-advisory:react-scripts:Oynm4f28m7wqpHeAVQPAu6HUX0KhswQORZBCdzEDs2/Qk227PWimoI5yjY/d79GoOSw+zJpJ6uMhVBngEzK4zQ== Completed in 0ms
164 timing metavuln:load:security-advisory:react-scripts:IqnIHrynVlqAtMhtysIZT7fFR47WkNiVdS0bltwMCNwW6AuOVEGK8Ns3UrtOyzCH0k8s8awx0D1vcr5HtSiaPw== Completed in 4ms
165 timing metavuln:cache:put:security-advisory:react-scripts:Oynm4f28m7wqpHeAVQPAu6HUX0KhswQORZBCdzEDs2/Qk227PWimoI5yjY/d79GoOSw+zJpJ6uMhVBngEzK4zQ== Completed in 5ms
166 timing metavuln:calculate:security-advisory:react-scripts:IqnIHrynVlqAtMhtysIZT7fFR47WkNiVdS0bltwMCNwW6AuOVEGK8Ns3UrtOyzCH0k8s8awx0D1vcr5HtSiaPw== Completed in 9ms
167 timing auditReport:init Completed in 4379ms
168 timing reify:audit Completed in 5203ms
169 timing reify Completed in 6783ms
170 silly ADD node_modules/yup
171 silly ADD node_modules/yup/node_modules/type-fest
172 silly ADD node_modules/toposort
173 silly ADD node_modules/tiny-warning
174 silly ADD node_modules/tiny-case
175 silly ADD node_modules/property-expr
176 silly ADD node_modules/lodash-es
177 silly ADD
178 silly ADD node_modules/formik
179 silly ADD node_modules/formik/node_modules/react-fast-compare
180 silly ADD node_modules/formik/node_modules/deepmerge
181 silly ADD node_modules/@types/hoist-non-react-statics
182 silly ADD node_modules/@fortawesome/react-fontawesome
183 silly ADD node_modules/@fortawesome/fontawesome-svg-core
184 silly ADD node_modules/@fortawesome/fontawesome-common-types
185 silly ADD node_modules/@chakra-ui/icons
186 timing command:install Completed in 6803ms
187 notice
187 notice New [33mminor[39m version of npm available! [31m10.2.0[39m -> [32m10.8.1[39m
187 notice Changelog: [36mhttps://github.com/npm/cli/releases/tag/v10.8.1[39m
187 notice Run [32mnpm install -g npm@10.8.1[39m to update!
187 notice
188 verbose exit 0
189 timing npm Completed in 7461ms
190 info ok
